{"/root/turing/3-module/3.3 sprint/discord-bot/src/app.ts": {"path":"/root/turing/3-module/3.3 sprint/discord-bot/src/app.ts","all":false,"statementMap":{"0":{"start":{"line":1,"column":0},"end":{"line":1,"column":22}},"8":{"start":{"line":9,"column":0},"end":{"line":9,"column":55}},"9":{"start":{"line":10,"column":0},"end":{"line":10,"column":23}},"11":{"start":{"line":12,"column":0},"end":{"line":12,"column":46}},"13":{"start":{"line":14,"column":0},"end":{"line":14,"column":25}},"14":{"start":{"line":15,"column":0},"end":{"line":15,"column":41}},"15":{"start":{"line":16,"column":0},"end":{"line":16,"column":34}},"16":{"start":{"line":17,"column":0},"end":{"line":17,"column":27}},"18":{"start":{"line":19,"column":0},"end":{"line":19,"column":40}},"19":{"start":{"line":20,"column":0},"end":{"line":20,"column":9}},"20":{"start":{"line":21,"column":0},"end":{"line":21,"column":39}},"21":{"start":{"line":22,"column":0},"end":{"line":22,"column":45}},"22":{"start":{"line":23,"column":0},"end":{"line":23,"column":21}},"23":{"start":{"line":24,"column":0},"end":{"line":24,"column":63}},"24":{"start":{"line":25,"column":0},"end":{"line":25,"column":5}},"25":{"start":{"line":26,"column":0},"end":{"line":26,"column":3}},"27":{"start":{"line":28,"column":0},"end":{"line":28,"column":12}},"28":{"start":{"line":29,"column":0},"end":{"line":29,"column":1}}},"s":{"0":1,"8":2,"9":2,"11":2,"13":2,"14":2,"15":2,"16":2,"18":2,"19":0,"20":0,"21":0,"22":0,"23":0,"24":0,"25":0,"27":2,"28":2},"branchMap":{"0":{"type":"branch","line":9,"loc":{"start":{"line":9,"column":0},"end":{"line":29,"column":1}},"locations":[{"start":{"line":9,"column":0},"end":{"line":29,"column":1}}]},"1":{"type":"branch","line":19,"loc":{"start":{"line":19,"column":39},"end":{"line":26,"column":3}},"locations":[{"start":{"line":19,"column":39},"end":{"line":26,"column":3}}]}},"b":{"0":[2],"1":[0]},"fnMap":{"0":{"name":"createApp","decl":{"start":{"line":9,"column":0},"end":{"line":29,"column":1}},"loc":{"start":{"line":9,"column":0},"end":{"line":29,"column":1}},"line":9}},"f":{"0":2}}
,"/root/turing/3-module/3.3 sprint/discord-bot/src/index.ts": {"path":"/root/turing/3-module/3.3 sprint/discord-bot/src/index.ts","all":true,"statementMap":{"0":{"start":{"line":1,"column":0},"end":{"line":1,"column":22}},"1":{"start":{"line":2,"column":0},"end":{"line":2,"column":29}},"2":{"start":{"line":3,"column":0},"end":{"line":3,"column":39}},"3":{"start":{"line":4,"column":0},"end":{"line":4,"column":0}},"4":{"start":{"line":5,"column":0},"end":{"line":5,"column":36}},"5":{"start":{"line":6,"column":0},"end":{"line":6,"column":17}},"6":{"start":{"line":7,"column":0},"end":{"line":7,"column":0}},"7":{"start":{"line":8,"column":0},"end":{"line":8,"column":20}},"8":{"start":{"line":9,"column":0},"end":{"line":9,"column":54}},"9":{"start":{"line":10,"column":0},"end":{"line":10,"column":1}},"10":{"start":{"line":11,"column":0},"end":{"line":11,"column":0}},"11":{"start":{"line":12,"column":0},"end":{"line":12,"column":45}},"12":{"start":{"line":13,"column":0},"end":{"line":13,"column":0}},"13":{"start":{"line":14,"column":0},"end":{"line":14,"column":30}},"14":{"start":{"line":15,"column":0},"end":{"line":15,"column":7}},"15":{"start":{"line":16,"column":0},"end":{"line":16,"column":41}},"16":{"start":{"line":17,"column":0},"end":{"line":17,"column":0}},"17":{"start":{"line":18,"column":0},"end":{"line":18,"column":28}},"18":{"start":{"line":19,"column":0},"end":{"line":19,"column":66}},"19":{"start":{"line":20,"column":0},"end":{"line":20,"column":6}},"20":{"start":{"line":21,"column":0},"end":{"line":21,"column":19}},"21":{"start":{"line":22,"column":0},"end":{"line":22,"column":51}},"22":{"start":{"line":23,"column":0},"end":{"line":23,"column":19}},"23":{"start":{"line":24,"column":0},"end":{"line":24,"column":3}},"24":{"start":{"line":25,"column":0},"end":{"line":25,"column":1}},"25":{"start":{"line":26,"column":0},"end":{"line":26,"column":0}},"26":{"start":{"line":27,"column":0},"end":{"line":27,"column":13}}},"s":{"0":0,"1":0,"2":0,"3":0,"4":0,"5":0,"6":0,"7":0,"8":0,"9":0,"10":0,"11":0,"12":0,"13":0,"14":0,"15":0,"16":0,"17":0,"18":0,"19":0,"20":0,"21":0,"22":0,"23":0,"24":0,"25":0,"26":0},"branchMap":{"0":{"type":"branch","line":1,"loc":{"start":{"line":1,"column":0},"end":{"line":27,"column":13}},"locations":[{"start":{"line":1,"column":0},"end":{"line":27,"column":13}}]}},"b":{"0":[0]},"fnMap":{"0":{"name":"(empty-report)","decl":{"start":{"line":1,"column":0},"end":{"line":27,"column":13}},"loc":{"start":{"line":1,"column":0},"end":{"line":27,"column":13}},"line":1}},"f":{"0":0}}
,"/root/turing/3-module/3.3 sprint/discord-bot/src/middleware.ts": {"path":"/root/turing/3-module/3.3 sprint/discord-bot/src/middleware.ts","all":false,"statementMap":{"0":{"start":{"line":1,"column":0},"end":{"line":1,"column":8}},"15":{"start":{"line":16,"column":0},"end":{"line":16,"column":29}},"16":{"start":{"line":17,"column":0},"end":{"line":17,"column":26}},"17":{"start":{"line":18,"column":0},"end":{"line":18,"column":29}},"18":{"start":{"line":19,"column":0},"end":{"line":19,"column":19}},"19":{"start":{"line":20,"column":0},"end":{"line":20,"column":36}},"20":{"start":{"line":21,"column":0},"end":{"line":21,"column":9}},"21":{"start":{"line":22,"column":0},"end":{"line":22,"column":50}},"22":{"start":{"line":23,"column":0},"end":{"line":23,"column":28}},"23":{"start":{"line":24,"column":0},"end":{"line":24,"column":27}},"24":{"start":{"line":25,"column":0},"end":{"line":25,"column":21}},"25":{"start":{"line":26,"column":0},"end":{"line":26,"column":17}},"26":{"start":{"line":27,"column":0},"end":{"line":27,"column":5}},"27":{"start":{"line":28,"column":0},"end":{"line":28,"column":3}},"28":{"start":{"line":29,"column":0},"end":{"line":29,"column":1}},"30":{"start":{"line":31,"column":0},"end":{"line":31,"column":33}},"31":{"start":{"line":32,"column":0},"end":{"line":32,"column":15}},"32":{"start":{"line":33,"column":0},"end":{"line":33,"column":16}},"33":{"start":{"line":34,"column":0},"end":{"line":34,"column":20}},"34":{"start":{"line":35,"column":0},"end":{"line":35,"column":3}},"35":{"start":{"line":36,"column":0},"end":{"line":36,"column":30}},"36":{"start":{"line":37,"column":0},"end":{"line":37,"column":1}}},"s":{"0":1,"15":1,"16":16,"17":16,"18":16,"19":16,"20":23,"21":23,"22":15,"23":15,"24":23,"25":8,"26":8,"27":23,"28":16,"30":1,"31":4,"32":4,"33":4,"34":4,"35":4,"36":4},"branchMap":{"0":{"type":"branch","line":16,"loc":{"start":{"line":16,"column":7},"end":{"line":29,"column":1}},"locations":[{"start":{"line":16,"column":7},"end":{"line":29,"column":1}}]},"1":{"type":"branch","line":20,"loc":{"start":{"line":20,"column":9},"end":{"line":28,"column":3}},"locations":[{"start":{"line":20,"column":9},"end":{"line":28,"column":3}}]},"2":{"type":"branch","line":22,"loc":{"start":{"line":22,"column":49},"end":{"line":25,"column":13}},"locations":[{"start":{"line":22,"column":49},"end":{"line":25,"column":13}}]},"3":{"type":"branch","line":25,"loc":{"start":{"line":25,"column":4},"end":{"line":27,"column":5}},"locations":[{"start":{"line":25,"column":4},"end":{"line":27,"column":5}}]},"4":{"type":"branch","line":31,"loc":{"start":{"line":31,"column":7},"end":{"line":37,"column":1}},"locations":[{"start":{"line":31,"column":7},"end":{"line":37,"column":1}}]}},"b":{"0":[16],"1":[23],"2":[15],"3":[8],"4":[4]},"fnMap":{"0":{"name":"jsonRoute","decl":{"start":{"line":16,"column":7},"end":{"line":29,"column":1}},"loc":{"start":{"line":16,"column":7},"end":{"line":29,"column":1}},"line":16},"1":{"name":"unsupportedRoute","decl":{"start":{"line":31,"column":7},"end":{"line":37,"column":1}},"loc":{"start":{"line":31,"column":7},"end":{"line":37,"column":1}},"line":31}},"f":{"0":16,"1":4}}
,"/root/turing/3-module/3.3 sprint/discord-bot/src/database/index.ts": {"path":"/root/turing/3-module/3.3 sprint/discord-bot/src/database/index.ts","all":true,"statementMap":{"0":{"start":{"line":1,"column":0},"end":{"line":1,"column":22}},"1":{"start":{"line":2,"column":0},"end":{"line":2,"column":63}},"2":{"start":{"line":3,"column":0},"end":{"line":3,"column":35}},"3":{"start":{"line":4,"column":0},"end":{"line":4,"column":33}},"4":{"start":{"line":5,"column":0},"end":{"line":5,"column":0}},"5":{"start":{"line":6,"column":0},"end":{"line":6,"column":53}},"6":{"start":{"line":7,"column":0},"end":{"line":7,"column":25}},"7":{"start":{"line":8,"column":0},"end":{"line":8,"column":32}},"8":{"start":{"line":9,"column":0},"end":{"line":9,"column":32}},"9":{"start":{"line":10,"column":0},"end":{"line":10,"column":7}},"10":{"start":{"line":11,"column":0},"end":{"line":11,"column":37}},"11":{"start":{"line":12,"column":0},"end":{"line":12,"column":4}},"12":{"start":{"line":13,"column":0},"end":{"line":13,"column":1}},"13":{"start":{"line":14,"column":0},"end":{"line":14,"column":0}},"14":{"start":{"line":15,"column":0},"end":{"line":15,"column":33}},"15":{"start":{"line":16,"column":0},"end":{"line":16,"column":42}},"16":{"start":{"line":17,"column":0},"end":{"line":17,"column":23}}},"s":{"0":0,"1":0,"2":0,"3":0,"4":0,"5":0,"6":0,"7":0,"8":0,"9":0,"10":0,"11":0,"12":0,"13":0,"14":0,"15":0,"16":0},"branchMap":{"0":{"type":"branch","line":1,"loc":{"start":{"line":1,"column":0},"end":{"line":17,"column":23}},"locations":[{"start":{"line":1,"column":0},"end":{"line":17,"column":23}}]}},"b":{"0":[0]},"fnMap":{"0":{"name":"(empty-report)","decl":{"start":{"line":1,"column":0},"end":{"line":17,"column":23}},"loc":{"start":{"line":1,"column":0},"end":{"line":17,"column":23}},"line":1}},"f":{"0":0}}
,"/root/turing/3-module/3.3 sprint/discord-bot/src/database/types.ts": {"path":"/root/turing/3-module/3.3 sprint/discord-bot/src/database/types.ts","all":true,"statementMap":{"0":{"start":{"line":1,"column":0},"end":{"line":1,"column":3}},"1":{"start":{"line":2,"column":0},"end":{"line":2,"column":45}},"2":{"start":{"line":3,"column":0},"end":{"line":3,"column":34}},"3":{"start":{"line":4,"column":0},"end":{"line":4,"column":3}},"4":{"start":{"line":5,"column":0},"end":{"line":5,"column":0}},"5":{"start":{"line":6,"column":0},"end":{"line":6,"column":41}},"6":{"start":{"line":7,"column":0},"end":{"line":7,"column":0}},"7":{"start":{"line":8,"column":0},"end":{"line":8,"column":74}},"8":{"start":{"line":9,"column":0},"end":{"line":9,"column":35}},"9":{"start":{"line":10,"column":0},"end":{"line":10,"column":36}},"10":{"start":{"line":11,"column":0},"end":{"line":11,"column":0}},"11":{"start":{"line":12,"column":0},"end":{"line":12,"column":29}},"12":{"start":{"line":13,"column":0},"end":{"line":13,"column":24}},"13":{"start":{"line":14,"column":0},"end":{"line":14,"column":21}},"14":{"start":{"line":15,"column":0},"end":{"line":15,"column":19}},"15":{"start":{"line":16,"column":0},"end":{"line":16,"column":1}},"16":{"start":{"line":17,"column":0},"end":{"line":17,"column":0}},"17":{"start":{"line":18,"column":0},"end":{"line":18,"column":26}},"18":{"start":{"line":19,"column":0},"end":{"line":19,"column":18}},"19":{"start":{"line":20,"column":0},"end":{"line":20,"column":20}},"20":{"start":{"line":21,"column":0},"end":{"line":21,"column":1}},"21":{"start":{"line":22,"column":0},"end":{"line":22,"column":0}},"22":{"start":{"line":23,"column":0},"end":{"line":23,"column":25}},"23":{"start":{"line":24,"column":0},"end":{"line":24,"column":24}},"24":{"start":{"line":25,"column":0},"end":{"line":25,"column":21}},"25":{"start":{"line":26,"column":0},"end":{"line":26,"column":16}},"26":{"start":{"line":27,"column":0},"end":{"line":27,"column":1}},"27":{"start":{"line":28,"column":0},"end":{"line":28,"column":0}},"28":{"start":{"line":29,"column":0},"end":{"line":29,"column":21}},"29":{"start":{"line":30,"column":0},"end":{"line":30,"column":25}},"30":{"start":{"line":31,"column":0},"end":{"line":31,"column":19}},"31":{"start":{"line":32,"column":0},"end":{"line":32,"column":17}},"32":{"start":{"line":33,"column":0},"end":{"line":33,"column":1}}},"s":{"0":0,"1":0,"2":0,"3":0,"4":0,"5":0,"6":0,"7":0,"8":0,"9":0,"10":0,"11":0,"12":0,"13":0,"14":0,"15":0,"16":0,"17":0,"18":0,"19":0,"20":0,"21":0,"22":0,"23":0,"24":0,"25":0,"26":0,"27":0,"28":0,"29":0,"30":0,"31":0,"32":0},"branchMap":{"0":{"type":"branch","line":1,"loc":{"start":{"line":1,"column":0},"end":{"line":33,"column":1}},"locations":[{"start":{"line":1,"column":0},"end":{"line":33,"column":1}}]}},"b":{"0":[0]},"fnMap":{"0":{"name":"(empty-report)","decl":{"start":{"line":1,"column":0},"end":{"line":33,"column":1}},"loc":{"start":{"line":1,"column":0},"end":{"line":33,"column":1}},"line":1}},"f":{"0":0}}
,"/root/turing/3-module/3.3 sprint/discord-bot/src/database/migrate/bin.ts": {"path":"/root/turing/3-module/3.3 sprint/discord-bot/src/database/migrate/bin.ts","all":true,"statementMap":{"0":{"start":{"line":1,"column":0},"end":{"line":1,"column":22}},"1":{"start":{"line":2,"column":0},"end":{"line":2,"column":33}},"2":{"start":{"line":3,"column":0},"end":{"line":3,"column":38}},"3":{"start":{"line":4,"column":0},"end":{"line":4,"column":40}},"4":{"start":{"line":5,"column":0},"end":{"line":5,"column":54}},"5":{"start":{"line":6,"column":0},"end":{"line":6,"column":69}},"6":{"start":{"line":7,"column":0},"end":{"line":7,"column":41}},"7":{"start":{"line":8,"column":0},"end":{"line":8,"column":0}},"8":{"start":{"line":9,"column":0},"end":{"line":9,"column":39}},"9":{"start":{"line":10,"column":0},"end":{"line":10,"column":0}},"10":{"start":{"line":11,"column":0},"end":{"line":11,"column":44}},"11":{"start":{"line":12,"column":0},"end":{"line":12,"column":35}},"12":{"start":{"line":13,"column":0},"end":{"line":13,"column":32}},"13":{"start":{"line":14,"column":0},"end":{"line":14,"column":32}},"14":{"start":{"line":15,"column":0},"end":{"line":15,"column":7}},"15":{"start":{"line":16,"column":0},"end":{"line":16,"column":4}},"16":{"start":{"line":17,"column":0},"end":{"line":17,"column":0}},"17":{"start":{"line":18,"column":0},"end":{"line":18,"column":62}},"18":{"start":{"line":19,"column":0},"end":{"line":19,"column":0}},"19":{"start":{"line":20,"column":0},"end":{"line":20,"column":50}},"20":{"start":{"line":21,"column":0},"end":{"line":21,"column":7}},"21":{"start":{"line":22,"column":0},"end":{"line":22,"column":9}},"22":{"start":{"line":23,"column":0},"end":{"line":23,"column":57}},"23":{"start":{"line":24,"column":0},"end":{"line":24,"column":4}},"24":{"start":{"line":25,"column":0},"end":{"line":25,"column":0}},"25":{"start":{"line":26,"column":0},"end":{"line":26,"column":68}},"26":{"start":{"line":27,"column":0},"end":{"line":27,"column":0}},"27":{"start":{"line":28,"column":0},"end":{"line":28,"column":25}},"28":{"start":{"line":29,"column":0},"end":{"line":29,"column":40}},"29":{"start":{"line":30,"column":0},"end":{"line":30,"column":3}},"30":{"start":{"line":31,"column":0},"end":{"line":31,"column":0}},"31":{"start":{"line":32,"column":0},"end":{"line":32,"column":28}},"32":{"start":{"line":33,"column":0},"end":{"line":33,"column":34}},"33":{"start":{"line":34,"column":0},"end":{"line":34,"column":80}},"34":{"start":{"line":35,"column":0},"end":{"line":35,"column":39}},"35":{"start":{"line":36,"column":0},"end":{"line":36,"column":73}},"36":{"start":{"line":37,"column":0},"end":{"line":37,"column":5}},"37":{"start":{"line":38,"column":0},"end":{"line":38,"column":4}},"38":{"start":{"line":39,"column":0},"end":{"line":39,"column":0}},"39":{"start":{"line":40,"column":0},"end":{"line":40,"column":14}},"40":{"start":{"line":41,"column":0},"end":{"line":41,"column":39}},"41":{"start":{"line":42,"column":0},"end":{"line":42,"column":24}},"42":{"start":{"line":43,"column":0},"end":{"line":43,"column":19}},"43":{"start":{"line":44,"column":0},"end":{"line":44,"column":3}},"44":{"start":{"line":45,"column":0},"end":{"line":45,"column":0}},"45":{"start":{"line":46,"column":0},"end":{"line":46,"column":20}},"46":{"start":{"line":47,"column":0},"end":{"line":47,"column":1}},"47":{"start":{"line":48,"column":0},"end":{"line":48,"column":0}},"48":{"start":{"line":49,"column":0},"end":{"line":49,"column":67}},"49":{"start":{"line":50,"column":0},"end":{"line":50,"column":54}},"50":{"start":{"line":51,"column":0},"end":{"line":51,"column":67}},"51":{"start":{"line":52,"column":0},"end":{"line":52,"column":0}},"52":{"start":{"line":53,"column":0},"end":{"line":53,"column":24}},"53":{"start":{"line":54,"column":0},"end":{"line":54,"column":38}},"54":{"start":{"line":55,"column":0},"end":{"line":55,"column":0}},"55":{"start":{"line":56,"column":0},"end":{"line":56,"column":41}},"56":{"start":{"line":57,"column":0},"end":{"line":57,"column":74}},"57":{"start":{"line":58,"column":0},"end":{"line":58,"column":3}},"58":{"start":{"line":59,"column":0},"end":{"line":59,"column":0}},"59":{"start":{"line":60,"column":0},"end":{"line":60,"column":30}},"60":{"start":{"line":61,"column":0},"end":{"line":61,"column":1}}},"s":{"0":0,"1":0,"2":0,"3":0,"4":0,"5":0,"6":0,"7":0,"8":0,"9":0,"10":0,"11":0,"12":0,"13":0,"14":0,"15":0,"16":0,"17":0,"18":0,"19":0,"20":0,"21":0,"22":0,"23":0,"24":0,"25":0,"26":0,"27":0,"28":0,"29":0,"30":0,"31":0,"32":0,"33":0,"34":0,"35":0,"36":0,"37":0,"38":0,"39":0,"40":0,"41":0,"42":0,"43":0,"44":0,"45":0,"46":0,"47":0,"48":0,"49":0,"50":0,"51":0,"52":0,"53":0,"54":0,"55":0,"56":0,"57":0,"58":0,"59":0,"60":0},"branchMap":{"0":{"type":"branch","line":1,"loc":{"start":{"line":1,"column":0},"end":{"line":61,"column":1}},"locations":[{"start":{"line":1,"column":0},"end":{"line":61,"column":1}}]}},"b":{"0":[0]},"fnMap":{"0":{"name":"(empty-report)","decl":{"start":{"line":1,"column":0},"end":{"line":61,"column":1}},"loc":{"start":{"line":1,"column":0},"end":{"line":61,"column":1}},"line":1}},"f":{"0":0}}
,"/root/turing/3-module/3.3 sprint/discord-bot/src/database/migrate/index.ts": {"path":"/root/turing/3-module/3.3 sprint/discord-bot/src/database/migrate/index.ts","all":false,"statementMap":{"0":{"start":{"line":1,"column":0},"end":{"line":1,"column":22}},"3":{"start":{"line":4,"column":0},"end":{"line":4,"column":38}},"4":{"start":{"line":5,"column":0},"end":{"line":5,"column":30}},"5":{"start":{"line":6,"column":0},"end":{"line":6,"column":17}},"6":{"start":{"line":7,"column":0},"end":{"line":7,"column":3}},"7":{"start":{"line":8,"column":0},"end":{"line":8,"column":33}},"8":{"start":{"line":9,"column":0},"end":{"line":9,"column":7}},"9":{"start":{"line":10,"column":0},"end":{"line":10,"column":13}},"10":{"start":{"line":11,"column":0},"end":{"line":11,"column":4}},"12":{"start":{"line":13,"column":0},"end":{"line":13,"column":35}},"13":{"start":{"line":14,"column":0},"end":{"line":14,"column":1}}},"s":{"0":1,"3":3,"4":3,"5":3,"6":3,"7":3,"8":3,"9":3,"10":3,"12":3,"13":3},"branchMap":{"0":{"type":"branch","line":4,"loc":{"start":{"line":4,"column":0},"end":{"line":14,"column":1}},"locations":[{"start":{"line":4,"column":0},"end":{"line":14,"column":1}}]}},"b":{"0":[3]},"fnMap":{"0":{"name":"migrateToLatest","decl":{"start":{"line":4,"column":0},"end":{"line":14,"column":1}},"loc":{"start":{"line":4,"column":0},"end":{"line":14,"column":1}},"line":4}},"f":{"0":3}}
,"/root/turing/3-module/3.3 sprint/discord-bot/src/database/migrations/20241026T110000Z-createSprintTable.ts": {"path":"/root/turing/3-module/3.3 sprint/discord-bot/src/database/migrations/20241026T110000Z-createSprintTable.ts","all":false,"statementMap":{"2":{"start":{"line":3,"column":0},"end":{"line":3,"column":54}},"3":{"start":{"line":4,"column":0},"end":{"line":4,"column":17}},"4":{"start":{"line":5,"column":0},"end":{"line":5,"column":26}},"5":{"start":{"line":6,"column":0},"end":{"line":6,"column":80}},"6":{"start":{"line":7,"column":0},"end":{"line":7,"column":57}},"7":{"start":{"line":8,"column":0},"end":{"line":8,"column":51}},"8":{"start":{"line":9,"column":0},"end":{"line":9,"column":14}},"9":{"start":{"line":10,"column":0},"end":{"line":10,"column":1}},"11":{"start":{"line":12,"column":0},"end":{"line":12,"column":56}},"12":{"start":{"line":13,"column":0},"end":{"line":13,"column":47}},"13":{"start":{"line":14,"column":0},"end":{"line":14,"column":1}}},"s":{"2":3,"3":3,"4":3,"5":3,"6":3,"7":3,"8":3,"9":3,"11":0,"12":0,"13":0},"branchMap":{"0":{"type":"branch","line":3,"loc":{"start":{"line":3,"column":0},"end":{"line":10,"column":1}},"locations":[{"start":{"line":3,"column":0},"end":{"line":10,"column":1}}]},"1":{"type":"branch","line":6,"loc":{"start":{"line":6,"column":32},"end":{"line":6,"column":79}},"locations":[{"start":{"line":6,"column":32},"end":{"line":6,"column":79}}]},"2":{"type":"branch","line":7,"loc":{"start":{"line":7,"column":38},"end":{"line":7,"column":56}},"locations":[{"start":{"line":7,"column":38},"end":{"line":7,"column":56}}]},"3":{"type":"branch","line":8,"loc":{"start":{"line":8,"column":32},"end":{"line":8,"column":50}},"locations":[{"start":{"line":8,"column":32},"end":{"line":8,"column":50}}]}},"b":{"0":[3],"1":[3],"2":[3],"3":[3]},"fnMap":{"0":{"name":"up","decl":{"start":{"line":3,"column":0},"end":{"line":10,"column":1}},"loc":{"start":{"line":3,"column":0},"end":{"line":10,"column":1}},"line":3},"1":{"name":"down","decl":{"start":{"line":12,"column":0},"end":{"line":14,"column":1}},"loc":{"start":{"line":12,"column":0},"end":{"line":14,"column":1}},"line":12}},"f":{"0":3,"1":0}}
,"/root/turing/3-module/3.3 sprint/discord-bot/src/database/migrations/20241026T180000Z-createCompletionTable.ts": {"path":"/root/turing/3-module/3.3 sprint/discord-bot/src/database/migrations/20241026T180000Z-createCompletionTable.ts","all":false,"statementMap":{"2":{"start":{"line":3,"column":0},"end":{"line":3,"column":54}},"3":{"start":{"line":4,"column":0},"end":{"line":4,"column":17}},"4":{"start":{"line":5,"column":0},"end":{"line":5,"column":30}},"5":{"start":{"line":6,"column":0},"end":{"line":6,"column":80}},"6":{"start":{"line":7,"column":0},"end":{"line":7,"column":54}},"7":{"start":{"line":8,"column":0},"end":{"line":8,"column":57}},"8":{"start":{"line":9,"column":0},"end":{"line":9,"column":14}},"9":{"start":{"line":10,"column":0},"end":{"line":10,"column":1}},"11":{"start":{"line":12,"column":0},"end":{"line":12,"column":56}},"12":{"start":{"line":13,"column":0},"end":{"line":13,"column":51}},"13":{"start":{"line":14,"column":0},"end":{"line":14,"column":1}}},"s":{"2":3,"3":3,"4":3,"5":3,"6":3,"7":3,"8":3,"9":3,"11":0,"12":0,"13":0},"branchMap":{"0":{"type":"branch","line":3,"loc":{"start":{"line":3,"column":0},"end":{"line":10,"column":1}},"locations":[{"start":{"line":3,"column":0},"end":{"line":10,"column":1}}]},"1":{"type":"branch","line":6,"loc":{"start":{"line":6,"column":32},"end":{"line":6,"column":79}},"locations":[{"start":{"line":6,"column":32},"end":{"line":6,"column":79}}]},"2":{"type":"branch","line":7,"loc":{"start":{"line":7,"column":35},"end":{"line":7,"column":53}},"locations":[{"start":{"line":7,"column":35},"end":{"line":7,"column":53}}]},"3":{"type":"branch","line":8,"loc":{"start":{"line":8,"column":38},"end":{"line":8,"column":56}},"locations":[{"start":{"line":8,"column":38},"end":{"line":8,"column":56}}]}},"b":{"0":[3],"1":[3],"2":[3],"3":[3]},"fnMap":{"0":{"name":"up","decl":{"start":{"line":3,"column":0},"end":{"line":10,"column":1}},"loc":{"start":{"line":3,"column":0},"end":{"line":10,"column":1}},"line":3},"1":{"name":"down","decl":{"start":{"line":12,"column":0},"end":{"line":14,"column":1}},"loc":{"start":{"line":12,"column":0},"end":{"line":14,"column":1}},"line":12}},"f":{"0":3,"1":0}}
,"/root/turing/3-module/3.3 sprint/discord-bot/src/database/migrations/20241027T170000Z-createMessagesTable.ts": {"path":"/root/turing/3-module/3.3 sprint/discord-bot/src/database/migrations/20241027T170000Z-createMessagesTable.ts","all":false,"statementMap":{"2":{"start":{"line":3,"column":0},"end":{"line":3,"column":54}},"3":{"start":{"line":4,"column":0},"end":{"line":4,"column":17}},"4":{"start":{"line":5,"column":0},"end":{"line":5,"column":27}},"5":{"start":{"line":6,"column":0},"end":{"line":6,"column":46}},"6":{"start":{"line":7,"column":0},"end":{"line":7,"column":78}},"7":{"start":{"line":8,"column":0},"end":{"line":8,"column":5}},"8":{"start":{"line":9,"column":0},"end":{"line":9,"column":53}},"9":{"start":{"line":10,"column":0},"end":{"line":10,"column":14}},"10":{"start":{"line":11,"column":0},"end":{"line":11,"column":1}},"12":{"start":{"line":13,"column":0},"end":{"line":13,"column":56}},"13":{"start":{"line":14,"column":0},"end":{"line":14,"column":48}},"14":{"start":{"line":15,"column":0},"end":{"line":15,"column":1}}},"s":{"2":3,"3":3,"4":3,"5":3,"6":3,"7":3,"8":3,"9":3,"10":3,"12":0,"13":0,"14":0},"branchMap":{"0":{"type":"branch","line":3,"loc":{"start":{"line":3,"column":0},"end":{"line":11,"column":1}},"locations":[{"start":{"line":3,"column":0},"end":{"line":11,"column":1}}]},"1":{"type":"branch","line":6,"loc":{"start":{"line":6,"column":40},"end":{"line":7,"column":78}},"locations":[{"start":{"line":6,"column":40},"end":{"line":7,"column":78}}]},"2":{"type":"branch","line":9,"loc":{"start":{"line":9,"column":34},"end":{"line":9,"column":52}},"locations":[{"start":{"line":9,"column":34},"end":{"line":9,"column":52}}]}},"b":{"0":[3],"1":[3],"2":[3]},"fnMap":{"0":{"name":"up","decl":{"start":{"line":3,"column":0},"end":{"line":11,"column":1}},"loc":{"start":{"line":3,"column":0},"end":{"line":11,"column":1}},"line":3},"1":{"name":"down","decl":{"start":{"line":13,"column":0},"end":{"line":15,"column":1}},"loc":{"start":{"line":13,"column":0},"end":{"line":15,"column":1}},"line":13}},"f":{"0":3,"1":0}}
,"/root/turing/3-module/3.3 sprint/discord-bot/src/middleware/jsonErrors.ts": {"path":"/root/turing/3-module/3.3 sprint/discord-bot/src/middleware/jsonErrors.ts","all":false,"statementMap":{"0":{"start":{"line":1,"column":0},"end":{"line":1,"column":50}},"1":{"start":{"line":2,"column":0},"end":{"line":2,"column":47}},"2":{"start":{"line":3,"column":0},"end":{"line":3,"column":30}},"4":{"start":{"line":5,"column":0},"end":{"line":5,"column":32}},"5":{"start":{"line":6,"column":0},"end":{"line":6,"column":34}},"7":{"start":{"line":8,"column":0},"end":{"line":8,"column":68}},"8":{"start":{"line":9,"column":0},"end":{"line":9,"column":46}},"10":{"start":{"line":11,"column":0},"end":{"line":11,"column":16}},"11":{"start":{"line":12,"column":0},"end":{"line":12,"column":24}},"12":{"start":{"line":13,"column":0},"end":{"line":13,"column":3}},"14":{"start":{"line":15,"column":0},"end":{"line":15,"column":31}},"15":{"start":{"line":16,"column":0},"end":{"line":16,"column":12}},"16":{"start":{"line":17,"column":0},"end":{"line":17,"column":56}},"17":{"start":{"line":18,"column":0},"end":{"line":18,"column":15}},"18":{"start":{"line":19,"column":0},"end":{"line":19,"column":6}},"19":{"start":{"line":20,"column":0},"end":{"line":20,"column":4}},"20":{"start":{"line":21,"column":0},"end":{"line":21,"column":1}},"22":{"start":{"line":23,"column":0},"end":{"line":23,"column":43}},"23":{"start":{"line":24,"column":0},"end":{"line":24,"column":62}},"24":{"start":{"line":25,"column":0},"end":{"line":25,"column":23}},"25":{"start":{"line":26,"column":0},"end":{"line":26,"column":3}},"27":{"start":{"line":28,"column":0},"end":{"line":28,"column":63}},"29":{"start":{"line":30,"column":0},"end":{"line":30,"column":42}},"30":{"start":{"line":31,"column":0},"end":{"line":31,"column":1}},"32":{"start":{"line":33,"column":0},"end":{"line":33,"column":25}}},"s":{"0":1,"1":1,"2":1,"4":1,"5":1,"7":1,"8":12,"10":12,"11":0,"12":0,"14":12,"15":12,"16":12,"17":12,"18":12,"19":12,"20":12,"22":12,"23":12,"24":12,"25":12,"27":0,"29":0,"30":0,"32":1},"branchMap":{"0":{"type":"branch","line":8,"loc":{"start":{"line":8,"column":40},"end":{"line":21,"column":1}},"locations":[{"start":{"line":8,"column":40},"end":{"line":21,"column":1}}]},"1":{"type":"branch","line":11,"loc":{"start":{"line":11,"column":15},"end":{"line":13,"column":3}},"locations":[{"start":{"line":11,"column":15},"end":{"line":13,"column":3}}]},"2":{"type":"branch","line":17,"loc":{"start":{"line":17,"column":21},"end":{"line":17,"column":56}},"locations":[{"start":{"line":17,"column":21},"end":{"line":17,"column":56}}]},"3":{"type":"branch","line":23,"loc":{"start":{"line":23,"column":0},"end":{"line":31,"column":1}},"locations":[{"start":{"line":23,"column":0},"end":{"line":31,"column":1}}]},"4":{"type":"branch","line":26,"loc":{"start":{"line":26,"column":2},"end":{"line":31,"column":1}},"locations":[{"start":{"line":26,"column":2},"end":{"line":31,"column":1}}]}},"b":{"0":[12],"1":[0],"2":[0],"3":[12],"4":[0]},"fnMap":{"0":{"name":"jsonErrors","decl":{"start":{"line":8,"column":40},"end":{"line":21,"column":1}},"loc":{"start":{"line":8,"column":40},"end":{"line":21,"column":1}},"line":8},"1":{"name":"getErrorStatusCode","decl":{"start":{"line":23,"column":0},"end":{"line":31,"column":1}},"loc":{"start":{"line":23,"column":0},"end":{"line":31,"column":1}},"line":23}},"f":{"0":12,"1":12}}
,"/root/turing/3-module/3.3 sprint/discord-bot/src/modules/bot/fetchUser.ts": {"path":"/root/turing/3-module/3.3 sprint/discord-bot/src/modules/bot/fetchUser.ts","all":false,"statementMap":{"0":{"start":{"line":1,"column":0},"end":{"line":1,"column":29}},"2":{"start":{"line":3,"column":0},"end":{"line":3,"column":44}},"3":{"start":{"line":4,"column":0},"end":{"line":4,"column":28}},"4":{"start":{"line":5,"column":0},"end":{"line":5,"column":15}},"5":{"start":{"line":6,"column":0},"end":{"line":6,"column":66}},"7":{"start":{"line":8,"column":0},"end":{"line":8,"column":54}},"8":{"start":{"line":9,"column":0},"end":{"line":9,"column":22}},"9":{"start":{"line":10,"column":0},"end":{"line":10,"column":15}},"10":{"start":{"line":11,"column":0},"end":{"line":11,"column":6}},"12":{"start":{"line":13,"column":0},"end":{"line":13,"column":40}},"14":{"start":{"line":15,"column":0},"end":{"line":15,"column":17}},"15":{"start":{"line":16,"column":0},"end":{"line":16,"column":3}},"16":{"start":{"line":17,"column":0},"end":{"line":17,"column":1}}},"s":{"0":1,"2":1,"3":0,"4":0,"5":0,"7":0,"8":0,"9":0,"10":0,"12":0,"14":0,"15":0,"16":0},"branchMap":{},"b":{},"fnMap":{"0":{"name":"__vite_ssr_exports__.default","decl":{"start":{"line":3,"column":15},"end":{"line":17,"column":1}},"loc":{"start":{"line":3,"column":15},"end":{"line":17,"column":1}},"line":3}},"f":{"0":0}}
,"/root/turing/3-module/3.3 sprint/discord-bot/src/modules/bot/index.ts": {"path":"/root/turing/3-module/3.3 sprint/discord-bot/src/modules/bot/index.ts","all":false,"statementMap":{"0":{"start":{"line":1,"column":0},"end":{"line":1,"column":22}},"3":{"start":{"line":4,"column":0},"end":{"line":4,"column":40}},"5":{"start":{"line":6,"column":0},"end":{"line":6,"column":45}},"7":{"start":{"line":8,"column":0},"end":{"line":8,"column":28}},"8":{"start":{"line":9,"column":0},"end":{"line":9,"column":29}},"9":{"start":{"line":10,"column":0},"end":{"line":10,"column":14}},"10":{"start":{"line":11,"column":0},"end":{"line":11,"column":31}},"11":{"start":{"line":12,"column":0},"end":{"line":12,"column":38}},"12":{"start":{"line":13,"column":0},"end":{"line":13,"column":39}},"13":{"start":{"line":14,"column":0},"end":{"line":14,"column":6}},"14":{"start":{"line":15,"column":0},"end":{"line":15,"column":4}},"16":{"start":{"line":17,"column":0},"end":{"line":17,"column":7}},"17":{"start":{"line":18,"column":0},"end":{"line":18,"column":50}},"18":{"start":{"line":19,"column":0},"end":{"line":19,"column":45}},"19":{"start":{"line":20,"column":0},"end":{"line":20,"column":27}},"20":{"start":{"line":21,"column":0},"end":{"line":21,"column":17}},"21":{"start":{"line":22,"column":0},"end":{"line":22,"column":19}},"22":{"start":{"line":23,"column":0},"end":{"line":23,"column":44}},"23":{"start":{"line":24,"column":0},"end":{"line":24,"column":19}},"24":{"start":{"line":25,"column":0},"end":{"line":25,"column":3}},"25":{"start":{"line":26,"column":0},"end":{"line":26,"column":1}}},"s":{"0":1,"3":1,"5":1,"7":1,"8":0,"9":0,"10":0,"11":0,"12":0,"13":0,"14":0,"16":0,"17":0,"18":0,"19":0,"20":0,"21":0,"22":0,"23":0,"24":0,"25":0},"branchMap":{},"b":{},"fnMap":{"0":{"name":"getClient","decl":{"start":{"line":6,"column":25},"end":{"line":6,"column":45}},"loc":{"start":{"line":6,"column":25},"end":{"line":6,"column":45}},"line":6},"1":{"name":"__vite_ssr_exports__.default","decl":{"start":{"line":8,"column":15},"end":{"line":26,"column":1}},"loc":{"start":{"line":8,"column":15},"end":{"line":26,"column":1}},"line":8}},"f":{"0":0,"1":0}}
,"/root/turing/3-module/3.3 sprint/discord-bot/src/modules/bot/sendMessage.ts": {"path":"/root/turing/3-module/3.3 sprint/discord-bot/src/modules/bot/sendMessage.ts","all":false,"statementMap":{"0":{"start":{"line":1,"column":0},"end":{"line":1,"column":29}},"1":{"start":{"line":2,"column":0},"end":{"line":2,"column":40}},"2":{"start":{"line":3,"column":0},"end":{"line":3,"column":35}},"4":{"start":{"line":5,"column":0},"end":{"line":5,"column":44}},"5":{"start":{"line":6,"column":0},"end":{"line":6,"column":33}},"7":{"start":{"line":8,"column":0},"end":{"line":8,"column":40}},"8":{"start":{"line":9,"column":0},"end":{"line":9,"column":9}},"9":{"start":{"line":10,"column":0},"end":{"line":10,"column":46}},"10":{"start":{"line":11,"column":0},"end":{"line":11,"column":19}},"11":{"start":{"line":12,"column":0},"end":{"line":12,"column":61}},"12":{"start":{"line":13,"column":0},"end":{"line":13,"column":7}},"13":{"start":{"line":14,"column":0},"end":{"line":14,"column":21}},"14":{"start":{"line":15,"column":0},"end":{"line":15,"column":44}},"15":{"start":{"line":16,"column":0},"end":{"line":16,"column":5}},"16":{"start":{"line":17,"column":0},"end":{"line":17,"column":3}},"18":{"start":{"line":19,"column":0},"end":{"line":19,"column":17}},"19":{"start":{"line":20,"column":0},"end":{"line":20,"column":10}},"20":{"start":{"line":21,"column":0},"end":{"line":21,"column":3}},"22":{"start":{"line":23,"column":0},"end":{"line":23,"column":28}},"23":{"start":{"line":24,"column":0},"end":{"line":24,"column":53}},"25":{"start":{"line":26,"column":0},"end":{"line":26,"column":25}},"26":{"start":{"line":27,"column":0},"end":{"line":27,"column":79}},"27":{"start":{"line":28,"column":0},"end":{"line":28,"column":3}},"29":{"start":{"line":30,"column":0},"end":{"line":30,"column":15}},"30":{"start":{"line":31,"column":0},"end":{"line":31,"column":64}},"31":{"start":{"line":32,"column":0},"end":{"line":32,"column":41}},"32":{"start":{"line":33,"column":0},"end":{"line":33,"column":33}},"33":{"start":{"line":34,"column":0},"end":{"line":34,"column":12}},"34":{"start":{"line":35,"column":0},"end":{"line":35,"column":55}},"35":{"start":{"line":36,"column":0},"end":{"line":36,"column":5}},"36":{"start":{"line":37,"column":0},"end":{"line":37,"column":3}},"37":{"start":{"line":38,"column":0},"end":{"line":38,"column":1}}},"s":{"0":1,"1":1,"2":1,"4":1,"5":3,"7":3,"8":0,"9":0,"10":0,"11":0,"12":0,"13":0,"14":0,"15":0,"16":0,"18":3,"19":3,"20":3,"22":0,"23":0,"25":0,"26":0,"27":0,"29":0,"30":0,"31":0,"32":0,"33":0,"34":0,"35":0,"36":0,"37":3},"branchMap":{"0":{"type":"branch","line":5,"loc":{"start":{"line":5,"column":15},"end":{"line":38,"column":1}},"locations":[{"start":{"line":5,"column":15},"end":{"line":38,"column":1}}]},"1":{"type":"branch","line":8,"loc":{"start":{"line":8,"column":39},"end":{"line":17,"column":3}},"locations":[{"start":{"line":8,"column":39},"end":{"line":17,"column":3}}]},"2":{"type":"branch","line":21,"loc":{"start":{"line":21,"column":2},"end":{"line":37,"column":3}},"locations":[{"start":{"line":21,"column":2},"end":{"line":37,"column":3}}]}},"b":{"0":[3],"1":[0],"2":[0]},"fnMap":{"0":{"name":"__vite_ssr_exports__.default","decl":{"start":{"line":5,"column":15},"end":{"line":38,"column":1}},"loc":{"start":{"line":5,"column":15},"end":{"line":38,"column":1}},"line":5}},"f":{"0":3}}
,"/root/turing/3-module/3.3 sprint/discord-bot/src/modules/completions/controller.ts": {"path":"/root/turing/3-module/3.3 sprint/discord-bot/src/modules/completions/controller.ts","all":false,"statementMap":{"0":{"start":{"line":1,"column":0},"end":{"line":1,"column":23}},"1":{"start":{"line":2,"column":0},"end":{"line":2,"column":41}},"3":{"start":{"line":4,"column":0},"end":{"line":4,"column":42}},"4":{"start":{"line":5,"column":0},"end":{"line":5,"column":44}},"5":{"start":{"line":6,"column":0},"end":{"line":6,"column":34}},"7":{"start":{"line":8,"column":0},"end":{"line":8,"column":40}},"8":{"start":{"line":9,"column":0},"end":{"line":9,"column":25}},"9":{"start":{"line":10,"column":0},"end":{"line":10,"column":47}},"11":{"start":{"line":12,"column":0},"end":{"line":12,"column":68}},"12":{"start":{"line":13,"column":0},"end":{"line":13,"column":9}},"13":{"start":{"line":14,"column":0},"end":{"line":14,"column":51}},"14":{"start":{"line":15,"column":0},"end":{"line":15,"column":51}},"15":{"start":{"line":16,"column":0},"end":{"line":16,"column":40}},"17":{"start":{"line":18,"column":0},"end":{"line":18,"column":20}},"18":{"start":{"line":19,"column":0},"end":{"line":19,"column":37}},"19":{"start":{"line":20,"column":0},"end":{"line":20,"column":36}},"20":{"start":{"line":21,"column":0},"end":{"line":21,"column":10}},"21":{"start":{"line":22,"column":0},"end":{"line":22,"column":7}},"23":{"start":{"line":24,"column":0},"end":{"line":24,"column":41}},"24":{"start":{"line":25,"column":0},"end":{"line":25,"column":21}},"25":{"start":{"line":26,"column":0},"end":{"line":26,"column":56}},"27":{"start":{"line":28,"column":0},"end":{"line":28,"column":40}},"28":{"start":{"line":29,"column":0},"end":{"line":29,"column":37}},"29":{"start":{"line":30,"column":0},"end":{"line":30,"column":36}},"30":{"start":{"line":31,"column":0},"end":{"line":31,"column":47}},"31":{"start":{"line":32,"column":0},"end":{"line":32,"column":38}},"32":{"start":{"line":33,"column":0},"end":{"line":33,"column":33}},"33":{"start":{"line":34,"column":0},"end":{"line":34,"column":14}},"34":{"start":{"line":35,"column":0},"end":{"line":35,"column":10}},"35":{"start":{"line":36,"column":0},"end":{"line":36,"column":7}},"38":{"start":{"line":39,"column":0},"end":{"line":39,"column":35}},"39":{"start":{"line":40,"column":0},"end":{"line":40,"column":45}},"40":{"start":{"line":41,"column":0},"end":{"line":41,"column":8}},"41":{"start":{"line":42,"column":0},"end":{"line":42,"column":5}},"42":{"start":{"line":43,"column":0},"end":{"line":43,"column":4}},"44":{"start":{"line":45,"column":0},"end":{"line":45,"column":15}},"45":{"start":{"line":46,"column":0},"end":{"line":46,"column":1}}},"s":{"0":1,"1":1,"3":1,"4":1,"5":1,"7":1,"8":2,"9":2,"11":2,"12":3,"13":3,"14":3,"15":3,"17":3,"18":0,"19":0,"20":0,"21":0,"23":3,"24":3,"25":0,"27":0,"28":0,"29":0,"30":0,"31":0,"32":0,"33":0,"34":0,"35":0,"38":0,"39":0,"40":0,"41":0,"42":2,"44":2,"45":2},"branchMap":{"0":{"type":"branch","line":8,"loc":{"start":{"line":8,"column":15},"end":{"line":46,"column":1}},"locations":[{"start":{"line":8,"column":15},"end":{"line":46,"column":1}}]},"1":{"type":"branch","line":12,"loc":{"start":{"line":12,"column":19},"end":{"line":43,"column":3}},"locations":[{"start":{"line":12,"column":19},"end":{"line":43,"column":3}}]},"2":{"type":"branch","line":18,"loc":{"start":{"line":18,"column":19},"end":{"line":22,"column":7}},"locations":[{"start":{"line":18,"column":19},"end":{"line":22,"column":7}}]},"3":{"type":"branch","line":25,"loc":{"start":{"line":25,"column":4},"end":{"line":42,"column":5}},"locations":[{"start":{"line":25,"column":4},"end":{"line":42,"column":5}}]}},"b":{"0":[2],"1":[3],"2":[0],"3":[0]},"fnMap":{"0":{"name":"__vite_ssr_exports__.default","decl":{"start":{"line":8,"column":15},"end":{"line":46,"column":1}},"loc":{"start":{"line":8,"column":15},"end":{"line":46,"column":1}},"line":8}},"f":{"0":2}}
,"/root/turing/3-module/3.3 sprint/discord-bot/src/modules/completions/repository.ts": {"path":"/root/turing/3-module/3.3 sprint/discord-bot/src/modules/completions/repository.ts","all":false,"statementMap":{"0":{"start":{"line":1,"column":0},"end":{"line":1,"column":22}},"9":{"start":{"line":10,"column":0},"end":{"line":10,"column":41}},"10":{"start":{"line":11,"column":0},"end":{"line":11,"column":63}},"11":{"start":{"line":12,"column":0},"end":{"line":12,"column":67}},"13":{"start":{"line":14,"column":0},"end":{"line":14,"column":58}},"14":{"start":{"line":15,"column":0},"end":{"line":15,"column":34}},"15":{"start":{"line":16,"column":0},"end":{"line":16,"column":33}},"16":{"start":{"line":17,"column":0},"end":{"line":17,"column":73}},"17":{"start":{"line":18,"column":0},"end":{"line":18,"column":23}},"18":{"start":{"line":19,"column":0},"end":{"line":19,"column":34}},"20":{"start":{"line":21,"column":0},"end":{"line":21,"column":15}},"21":{"start":{"line":22,"column":0},"end":{"line":22,"column":30}},"22":{"start":{"line":23,"column":0},"end":{"line":23,"column":65}},"23":{"start":{"line":24,"column":0},"end":{"line":24,"column":23}},"24":{"start":{"line":25,"column":0},"end":{"line":25,"column":34}},"26":{"start":{"line":27,"column":0},"end":{"line":27,"column":45}},"27":{"start":{"line":28,"column":0},"end":{"line":28,"column":36}},"28":{"start":{"line":29,"column":0},"end":{"line":29,"column":42}},"29":{"start":{"line":30,"column":0},"end":{"line":30,"column":38}},"30":{"start":{"line":31,"column":0},"end":{"line":31,"column":7}},"32":{"start":{"line":33,"column":0},"end":{"line":33,"column":21}},"33":{"start":{"line":34,"column":0},"end":{"line":34,"column":6}},"34":{"start":{"line":35,"column":0},"end":{"line":35,"column":4}},"35":{"start":{"line":36,"column":0},"end":{"line":36,"column":2}}},"s":{"0":1,"9":1,"10":2,"11":3,"13":3,"14":3,"15":3,"16":3,"17":3,"18":3,"20":3,"21":3,"22":3,"23":3,"24":3,"26":3,"27":3,"28":3,"29":3,"30":3,"32":3,"33":3,"34":3,"35":2},"branchMap":{"0":{"type":"branch","line":10,"loc":{"start":{"line":10,"column":15},"end":{"line":36,"column":2}},"locations":[{"start":{"line":10,"column":15},"end":{"line":36,"column":2}}]},"1":{"type":"branch","line":11,"loc":{"start":{"line":11,"column":2},"end":{"line":35,"column":4}},"locations":[{"start":{"line":11,"column":2},"end":{"line":35,"column":4}}]},"2":{"type":"branch","line":14,"loc":{"start":{"line":14,"column":42},"end":{"line":34,"column":5}},"locations":[{"start":{"line":14,"column":42},"end":{"line":34,"column":5}}]}},"b":{"0":[2],"1":[3],"2":[3]},"fnMap":{"0":{"name":"__vite_ssr_exports__.default","decl":{"start":{"line":10,"column":15},"end":{"line":36,"column":2}},"loc":{"start":{"line":10,"column":15},"end":{"line":36,"column":2}},"line":10},"1":{"name":"create","decl":{"start":{"line":11,"column":2},"end":{"line":35,"column":4}},"loc":{"start":{"line":11,"column":2},"end":{"line":35,"column":4}},"line":11}},"f":{"0":2,"1":3}}
,"/root/turing/3-module/3.3 sprint/discord-bot/src/modules/completions/schema.ts": {"path":"/root/turing/3-module/3.3 sprint/discord-bot/src/modules/completions/schema.ts","all":false,"statementMap":{"0":{"start":{"line":1,"column":0},"end":{"line":1,"column":23}},"2":{"start":{"line":3,"column":0},"end":{"line":3,"column":25}},"3":{"start":{"line":4,"column":0},"end":{"line":4,"column":14}},"4":{"start":{"line":5,"column":0},"end":{"line":5,"column":13}},"5":{"start":{"line":6,"column":0},"end":{"line":6,"column":46}},"6":{"start":{"line":7,"column":0},"end":{"line":7,"column":57}},"7":{"start":{"line":8,"column":0},"end":{"line":8,"column":76}},"8":{"start":{"line":9,"column":0},"end":{"line":9,"column":15}},"9":{"start":{"line":10,"column":0},"end":{"line":10,"column":13}},"10":{"start":{"line":11,"column":0},"end":{"line":11,"column":65}},"11":{"start":{"line":12,"column":0},"end":{"line":12,"column":2}},"13":{"start":{"line":14,"column":0},"end":{"line":14,"column":44}},"15":{"start":{"line":16,"column":0},"end":{"line":16,"column":76}}},"s":{"0":1,"2":1,"3":1,"4":1,"5":1,"6":1,"7":1,"8":1,"9":1,"10":1,"11":1,"13":1,"15":1},"branchMap":{"0":{"type":"branch","line":16,"loc":{"start":{"line":16,"column":31},"end":{"line":16,"column":76}},"locations":[{"start":{"line":16,"column":31},"end":{"line":16,"column":76}}]}},"b":{"0":[3]},"fnMap":{"0":{"name":"parseInsertable","decl":{"start":{"line":16,"column":31},"end":{"line":16,"column":76}},"loc":{"start":{"line":16,"column":31},"end":{"line":16,"column":76}},"line":16}},"f":{"0":3}}
,"/root/turing/3-module/3.3 sprint/discord-bot/src/modules/completions/tests/completions.spec.ts": {"path":"/root/turing/3-module/3.3 sprint/discord-bot/src/modules/completions/tests/completions.spec.ts","all":false,"statementMap":{"0":{"start":{"line":1,"column":0},"end":{"line":1,"column":33}},"1":{"start":{"line":2,"column":0},"end":{"line":2,"column":64}},"3":{"start":{"line":4,"column":0},"end":{"line":4,"column":29}},"4":{"start":{"line":5,"column":0},"end":{"line":5,"column":50}},"7":{"start":{"line":8,"column":0},"end":{"line":8,"column":37}},"8":{"start":{"line":9,"column":0},"end":{"line":9,"column":53}},"9":{"start":{"line":10,"column":0},"end":{"line":10,"column":56}},"11":{"start":{"line":12,"column":0},"end":{"line":12,"column":23}},"12":{"start":{"line":13,"column":0},"end":{"line":13,"column":45}},"13":{"start":{"line":14,"column":0},"end":{"line":14,"column":2}},"15":{"start":{"line":16,"column":0},"end":{"line":16,"column":28}},"17":{"start":{"line":18,"column":0},"end":{"line":18,"column":31}},"18":{"start":{"line":19,"column":0},"end":{"line":19,"column":32}},"20":{"start":{"line":21,"column":0},"end":{"line":21,"column":24}},"21":{"start":{"line":22,"column":0},"end":{"line":22,"column":49}},"22":{"start":{"line":23,"column":0},"end":{"line":23,"column":31}},"23":{"start":{"line":24,"column":0},"end":{"line":24,"column":30}},"24":{"start":{"line":25,"column":0},"end":{"line":25,"column":22}},"25":{"start":{"line":26,"column":0},"end":{"line":26,"column":15}},"26":{"start":{"line":27,"column":0},"end":{"line":27,"column":2}},"28":{"start":{"line":29,"column":0},"end":{"line":29,"column":27}},"29":{"start":{"line":30,"column":0},"end":{"line":30,"column":49}},"30":{"start":{"line":31,"column":0},"end":{"line":31,"column":7}},"31":{"start":{"line":32,"column":0},"end":{"line":32,"column":25}},"32":{"start":{"line":33,"column":0},"end":{"line":33,"column":25}},"33":{"start":{"line":34,"column":0},"end":{"line":34,"column":31}},"34":{"start":{"line":35,"column":0},"end":{"line":35,"column":2}},"36":{"start":{"line":37,"column":0},"end":{"line":37,"column":24}},"37":{"start":{"line":38,"column":0},"end":{"line":38,"column":65}},"38":{"start":{"line":39,"column":0},"end":{"line":39,"column":41}},"39":{"start":{"line":40,"column":0},"end":{"line":40,"column":24}},"40":{"start":{"line":41,"column":0},"end":{"line":41,"column":29}},"41":{"start":{"line":42,"column":0},"end":{"line":42,"column":18}},"43":{"start":{"line":44,"column":0},"end":{"line":44,"column":45}},"44":{"start":{"line":45,"column":0},"end":{"line":45,"column":4}},"45":{"start":{"line":46,"column":0},"end":{"line":46,"column":49}},"46":{"start":{"line":47,"column":0},"end":{"line":47,"column":77}},"48":{"start":{"line":49,"column":0},"end":{"line":49,"column":77}},"49":{"start":{"line":50,"column":0},"end":{"line":50,"column":4}},"51":{"start":{"line":52,"column":0},"end":{"line":52,"column":51}},"52":{"start":{"line":53,"column":0},"end":{"line":53,"column":41}},"53":{"start":{"line":54,"column":0},"end":{"line":54,"column":24}},"54":{"start":{"line":55,"column":0},"end":{"line":55,"column":13}},"55":{"start":{"line":56,"column":0},"end":{"line":56,"column":28}},"56":{"start":{"line":57,"column":0},"end":{"line":57,"column":19}},"57":{"start":{"line":58,"column":0},"end":{"line":58,"column":8}},"59":{"start":{"line":60,"column":0},"end":{"line":60,"column":39}},"60":{"start":{"line":61,"column":0},"end":{"line":61,"column":4}},"61":{"start":{"line":62,"column":0},"end":{"line":62,"column":2}}},"s":{"0":1,"1":1,"3":1,"4":1,"7":1,"8":1,"9":1,"11":1,"12":3,"13":3,"15":1,"17":1,"18":1,"20":1,"21":5,"22":5,"23":5,"24":5,"25":5,"26":5,"28":1,"29":2,"30":2,"31":2,"32":2,"33":2,"34":2,"36":1,"37":1,"38":1,"39":1,"40":1,"41":1,"43":1,"44":1,"45":1,"46":1,"48":1,"49":1,"51":1,"52":1,"53":1,"54":1,"55":1,"56":1,"57":1,"59":1,"60":1,"61":1},"branchMap":{"0":{"type":"branch","line":9,"loc":{"start":{"line":9,"column":19},"end":{"line":9,"column":52}},"locations":[{"start":{"line":9,"column":19},"end":{"line":9,"column":52}}]},"1":{"type":"branch","line":12,"loc":{"start":{"line":12,"column":10},"end":{"line":14,"column":2}},"locations":[{"start":{"line":12,"column":10},"end":{"line":14,"column":2}}]},"2":{"type":"branch","line":16,"loc":{"start":{"line":16,"column":9},"end":{"line":16,"column":27}},"locations":[{"start":{"line":16,"column":9},"end":{"line":16,"column":27}}]},"3":{"type":"branch","line":21,"loc":{"start":{"line":21,"column":23},"end":{"line":27,"column":2}},"locations":[{"start":{"line":21,"column":23},"end":{"line":27,"column":2}}]},"4":{"type":"branch","line":29,"loc":{"start":{"line":29,"column":26},"end":{"line":35,"column":2}},"locations":[{"start":{"line":29,"column":26},"end":{"line":35,"column":2}}]},"5":{"type":"branch","line":37,"loc":{"start":{"line":37,"column":17},"end":{"line":62,"column":2}},"locations":[{"start":{"line":37,"column":17},"end":{"line":62,"column":2}}]},"6":{"type":"branch","line":38,"loc":{"start":{"line":38,"column":52},"end":{"line":45,"column":3}},"locations":[{"start":{"line":38,"column":52},"end":{"line":45,"column":3}}]},"7":{"type":"branch","line":46,"loc":{"start":{"line":46,"column":36},"end":{"line":50,"column":3}},"locations":[{"start":{"line":46,"column":36},"end":{"line":50,"column":3}}]},"8":{"type":"branch","line":52,"loc":{"start":{"line":52,"column":38},"end":{"line":61,"column":3}},"locations":[{"start":{"line":52,"column":38},"end":{"line":61,"column":3}}]}},"b":{"0":[1],"1":[3],"2":[1],"3":[5],"4":[2],"5":[1],"6":[1],"7":[1],"8":[1]},"fnMap":{"0":{"name":"fakeCompletion","decl":{"start":{"line":21,"column":23},"end":{"line":27,"column":2}},"loc":{"start":{"line":21,"column":23},"end":{"line":27,"column":2}},"line":21},"1":{"name":"completionMatcher","decl":{"start":{"line":29,"column":26},"end":{"line":35,"column":2}},"loc":{"start":{"line":29,"column":26},"end":{"line":35,"column":2}},"line":29}},"f":{"0":5,"1":2}}
,"/root/turing/3-module/3.3 sprint/discord-bot/src/modules/messages/index.ts": {"path":"/root/turing/3-module/3.3 sprint/discord-bot/src/modules/messages/index.ts","all":true,"statementMap":{"0":{"start":{"line":1,"column":0},"end":{"line":1,"column":46}},"1":{"start":{"line":2,"column":0},"end":{"line":2,"column":35}},"2":{"start":{"line":3,"column":0},"end":{"line":3,"column":0}},"3":{"start":{"line":4,"column":0},"end":{"line":4,"column":23}},"4":{"start":{"line":5,"column":0},"end":{"line":5,"column":18}},"5":{"start":{"line":6,"column":0},"end":{"line":6,"column":32}},"6":{"start":{"line":7,"column":0},"end":{"line":7,"column":0}},"7":{"start":{"line":8,"column":0},"end":{"line":8,"column":35}},"8":{"start":{"line":9,"column":0},"end":{"line":9,"column":32}},"9":{"start":{"line":10,"column":0},"end":{"line":10,"column":36}},"10":{"start":{"line":11,"column":0},"end":{"line":11,"column":19}},"11":{"start":{"line":12,"column":0},"end":{"line":12,"column":33}},"12":{"start":{"line":13,"column":0},"end":{"line":13,"column":5}},"13":{"start":{"line":14,"column":0},"end":{"line":14,"column":0}},"14":{"start":{"line":15,"column":0},"end":{"line":15,"column":27}},"15":{"start":{"line":16,"column":0},"end":{"line":16,"column":24}},"16":{"start":{"line":17,"column":0},"end":{"line":17,"column":26}},"17":{"start":{"line":18,"column":0},"end":{"line":18,"column":42}},"18":{"start":{"line":19,"column":0},"end":{"line":19,"column":25}},"19":{"start":{"line":20,"column":0},"end":{"line":20,"column":0}},"20":{"start":{"line":21,"column":0},"end":{"line":21,"column":17}},"21":{"start":{"line":22,"column":0},"end":{"line":22,"column":4}},"22":{"start":{"line":23,"column":0},"end":{"line":23,"column":2}}},"s":{"0":0,"1":0,"2":0,"3":0,"4":0,"5":0,"6":0,"7":0,"8":0,"9":0,"10":0,"11":0,"12":0,"13":0,"14":0,"15":0,"16":0,"17":0,"18":0,"19":0,"20":0,"21":0,"22":0},"branchMap":{"0":{"type":"branch","line":1,"loc":{"start":{"line":1,"column":0},"end":{"line":23,"column":2}},"locations":[{"start":{"line":1,"column":0},"end":{"line":23,"column":2}}]}},"b":{"0":[0]},"fnMap":{"0":{"name":"(empty-report)","decl":{"start":{"line":1,"column":0},"end":{"line":23,"column":2}},"loc":{"start":{"line":1,"column":0},"end":{"line":23,"column":2}},"line":1}},"f":{"0":0}}
,"/root/turing/3-module/3.3 sprint/discord-bot/src/modules/sprints/controller.ts": {"path":"/root/turing/3-module/3.3 sprint/discord-bot/src/modules/sprints/controller.ts","all":false,"statementMap":{"0":{"start":{"line":1,"column":0},"end":{"line":1,"column":37}},"1":{"start":{"line":2,"column":0},"end":{"line":2,"column":32}},"2":{"start":{"line":3,"column":0},"end":{"line":3,"column":34}},"3":{"start":{"line":4,"column":0},"end":{"line":4,"column":42}},"4":{"start":{"line":5,"column":0},"end":{"line":5,"column":59}},"5":{"start":{"line":6,"column":0},"end":{"line":6,"column":69}},"6":{"start":{"line":7,"column":0},"end":{"line":7,"column":58}},"7":{"start":{"line":8,"column":0},"end":{"line":8,"column":47}},"9":{"start":{"line":10,"column":0},"end":{"line":10,"column":29}},"10":{"start":{"line":11,"column":0},"end":{"line":11,"column":62}},"12":{"start":{"line":13,"column":0},"end":{"line":13,"column":34}},"13":{"start":{"line":14,"column":0},"end":{"line":14,"column":25}},"14":{"start":{"line":15,"column":0},"end":{"line":15,"column":37}},"15":{"start":{"line":16,"column":0},"end":{"line":16,"column":49}},"16":{"start":{"line":17,"column":0},"end":{"line":17,"column":53}},"17":{"start":{"line":18,"column":0},"end":{"line":18,"column":8}},"18":{"start":{"line":19,"column":0},"end":{"line":19,"column":15}},"19":{"start":{"line":20,"column":0},"end":{"line":20,"column":36}},"20":{"start":{"line":21,"column":0},"end":{"line":21,"column":10}},"21":{"start":{"line":22,"column":0},"end":{"line":22,"column":32}},"22":{"start":{"line":23,"column":0},"end":{"line":23,"column":53}},"24":{"start":{"line":25,"column":0},"end":{"line":25,"column":35}},"25":{"start":{"line":26,"column":0},"end":{"line":26,"column":29}},"26":{"start":{"line":27,"column":0},"end":{"line":27,"column":5}},"27":{"start":{"line":28,"column":0},"end":{"line":28,"column":28}},"28":{"start":{"line":29,"column":0},"end":{"line":29,"column":29}},"30":{"start":{"line":31,"column":0},"end":{"line":31,"column":8}},"31":{"start":{"line":32,"column":0},"end":{"line":32,"column":20}},"32":{"start":{"line":33,"column":0},"end":{"line":33,"column":27}},"33":{"start":{"line":34,"column":0},"end":{"line":34,"column":24}},"34":{"start":{"line":35,"column":0},"end":{"line":35,"column":28}},"35":{"start":{"line":36,"column":0},"end":{"line":36,"column":30}},"37":{"start":{"line":38,"column":0},"end":{"line":38,"column":8}},"38":{"start":{"line":39,"column":0},"end":{"line":39,"column":29}},"39":{"start":{"line":40,"column":0},"end":{"line":40,"column":27}},"40":{"start":{"line":41,"column":0},"end":{"line":41,"column":26}},"41":{"start":{"line":42,"column":0},"end":{"line":42,"column":30}},"42":{"start":{"line":43,"column":0},"end":{"line":43,"column":32}},"43":{"start":{"line":44,"column":0},"end":{"line":44,"column":15}},"44":{"start":{"line":45,"column":0},"end":{"line":45,"column":1}}},"s":{"0":1,"1":1,"2":1,"3":1,"4":1,"5":1,"6":1,"7":1,"9":1,"10":1,"12":1,"13":2,"14":2,"15":2,"16":2,"17":2,"18":2,"19":2,"20":2,"21":2,"22":3,"24":3,"25":2,"26":2,"27":2,"28":2,"30":2,"31":2,"32":2,"33":2,"34":2,"35":2,"37":2,"38":2,"39":2,"40":2,"41":2,"42":2,"43":2,"44":2},"branchMap":{"0":{"type":"branch","line":13,"loc":{"start":{"line":13,"column":15},"end":{"line":45,"column":1}},"locations":[{"start":{"line":13,"column":15},"end":{"line":45,"column":1}}]},"1":{"type":"branch","line":22,"loc":{"start":{"line":22,"column":16},"end":{"line":26,"column":9}},"locations":[{"start":{"line":22,"column":16},"end":{"line":26,"column":9}}]}},"b":{"0":[2],"1":[3]},"fnMap":{"0":{"name":"__vite_ssr_exports__.default","decl":{"start":{"line":13,"column":15},"end":{"line":45,"column":1}},"loc":{"start":{"line":13,"column":15},"end":{"line":45,"column":1}},"line":13}},"f":{"0":2}}
,"/root/turing/3-module/3.3 sprint/discord-bot/src/modules/sprints/errors.ts": {"path":"/root/turing/3-module/3.3 sprint/discord-bot/src/modules/sprints/errors.ts","all":false,"statementMap":{"0":{"start":{"line":1,"column":0},"end":{"line":1,"column":46}},"3":{"start":{"line":4,"column":0},"end":{"line":4,"column":46}},"4":{"start":{"line":5,"column":0},"end":{"line":5,"column":45}},"5":{"start":{"line":6,"column":0},"end":{"line":6,"column":18}},"6":{"start":{"line":7,"column":0},"end":{"line":7,"column":3}},"7":{"start":{"line":8,"column":0},"end":{"line":8,"column":1}},"9":{"start":{"line":10,"column":0},"end":{"line":10,"column":50}},"10":{"start":{"line":11,"column":0},"end":{"line":11,"column":49}},"11":{"start":{"line":12,"column":0},"end":{"line":12,"column":18}},"12":{"start":{"line":13,"column":0},"end":{"line":13,"column":3}},"13":{"start":{"line":14,"column":0},"end":{"line":14,"column":1}}},"s":{"0":1,"3":1,"4":1,"5":7,"6":7,"7":1,"9":1,"10":1,"11":1,"12":1,"13":1},"branchMap":{"0":{"type":"branch","line":5,"loc":{"start":{"line":5,"column":2},"end":{"line":7,"column":3}},"locations":[{"start":{"line":5,"column":2},"end":{"line":7,"column":3}}]},"1":{"type":"branch","line":11,"loc":{"start":{"line":11,"column":2},"end":{"line":13,"column":3}},"locations":[{"start":{"line":11,"column":2},"end":{"line":13,"column":3}}]}},"b":{"0":[7],"1":[1]},"fnMap":{"0":{"name":"SprintNotFound","decl":{"start":{"line":5,"column":2},"end":{"line":7,"column":3}},"loc":{"start":{"line":5,"column":2},"end":{"line":7,"column":3}},"line":5},"1":{"name":"CantUpdateSprint","decl":{"start":{"line":11,"column":2},"end":{"line":13,"column":3}},"loc":{"start":{"line":11,"column":2},"end":{"line":13,"column":3}},"line":11}},"f":{"0":7,"1":1}}
,"/root/turing/3-module/3.3 sprint/discord-bot/src/modules/sprints/repository.ts": {"path":"/root/turing/3-module/3.3 sprint/discord-bot/src/modules/sprints/repository.ts","all":false,"statementMap":{"0":{"start":{"line":1,"column":0},"end":{"line":1,"column":42}},"1":{"start":{"line":2,"column":0},"end":{"line":2,"column":31}},"5":{"start":{"line":6,"column":0},"end":{"line":6,"column":22}},"7":{"start":{"line":8,"column":0},"end":{"line":8,"column":35}},"8":{"start":{"line":9,"column":0},"end":{"line":9,"column":35}},"9":{"start":{"line":10,"column":0},"end":{"line":10,"column":54}},"10":{"start":{"line":11,"column":0},"end":{"line":11,"column":4}},"12":{"start":{"line":13,"column":0},"end":{"line":13,"column":61}},"13":{"start":{"line":14,"column":0},"end":{"line":14,"column":13}},"14":{"start":{"line":15,"column":0},"end":{"line":15,"column":24}},"15":{"start":{"line":16,"column":0},"end":{"line":16,"column":21}},"16":{"start":{"line":17,"column":0},"end":{"line":17,"column":22}},"17":{"start":{"line":18,"column":0},"end":{"line":18,"column":25}},"18":{"start":{"line":19,"column":0},"end":{"line":19,"column":4}},"20":{"start":{"line":21,"column":0},"end":{"line":21,"column":72}},"21":{"start":{"line":22,"column":0},"end":{"line":22,"column":49}},"23":{"start":{"line":24,"column":0},"end":{"line":24,"column":34}},"24":{"start":{"line":25,"column":0},"end":{"line":25,"column":47}},"25":{"start":{"line":26,"column":0},"end":{"line":26,"column":5}},"26":{"start":{"line":27,"column":0},"end":{"line":27,"column":42}},"27":{"start":{"line":28,"column":0},"end":{"line":28,"column":63}},"28":{"start":{"line":29,"column":0},"end":{"line":29,"column":5}},"30":{"start":{"line":31,"column":0},"end":{"line":31,"column":35}},"31":{"start":{"line":32,"column":0},"end":{"line":32,"column":4}},"33":{"start":{"line":34,"column":0},"end":{"line":34,"column":25}},"34":{"start":{"line":35,"column":0},"end":{"line":35,"column":19}},"35":{"start":{"line":36,"column":0},"end":{"line":36,"column":22}},"36":{"start":{"line":37,"column":0},"end":{"line":37,"column":37}},"37":{"start":{"line":38,"column":0},"end":{"line":38,"column":44}},"38":{"start":{"line":39,"column":0},"end":{"line":39,"column":46}},"39":{"start":{"line":40,"column":0},"end":{"line":40,"column":5}},"41":{"start":{"line":42,"column":0},"end":{"line":42,"column":66}},"43":{"start":{"line":44,"column":0},"end":{"line":44,"column":34}},"44":{"start":{"line":45,"column":0},"end":{"line":45,"column":47}},"45":{"start":{"line":46,"column":0},"end":{"line":46,"column":5}},"46":{"start":{"line":47,"column":0},"end":{"line":47,"column":42}},"47":{"start":{"line":48,"column":0},"end":{"line":48,"column":63}},"48":{"start":{"line":49,"column":0},"end":{"line":49,"column":5}},"50":{"start":{"line":51,"column":0},"end":{"line":51,"column":43}},"51":{"start":{"line":52,"column":0},"end":{"line":52,"column":76}},"52":{"start":{"line":53,"column":0},"end":{"line":53,"column":5}},"54":{"start":{"line":55,"column":0},"end":{"line":55,"column":35}},"55":{"start":{"line":56,"column":0},"end":{"line":56,"column":4}},"57":{"start":{"line":58,"column":0},"end":{"line":58,"column":42}},"58":{"start":{"line":59,"column":0},"end":{"line":59,"column":52}},"60":{"start":{"line":61,"column":0},"end":{"line":61,"column":34}},"61":{"start":{"line":62,"column":0},"end":{"line":62,"column":47}},"62":{"start":{"line":63,"column":0},"end":{"line":63,"column":5}},"63":{"start":{"line":64,"column":0},"end":{"line":64,"column":42}},"64":{"start":{"line":65,"column":0},"end":{"line":65,"column":63}},"65":{"start":{"line":66,"column":0},"end":{"line":66,"column":5}},"67":{"start":{"line":68,"column":0},"end":{"line":68,"column":43}},"68":{"start":{"line":69,"column":0},"end":{"line":69,"column":76}},"69":{"start":{"line":70,"column":0},"end":{"line":70,"column":5}},"71":{"start":{"line":72,"column":0},"end":{"line":72,"column":35}},"72":{"start":{"line":73,"column":0},"end":{"line":73,"column":4}},"73":{"start":{"line":74,"column":0},"end":{"line":74,"column":2}}},"s":{"0":1,"1":1,"5":1,"7":1,"8":3,"9":3,"10":3,"12":3,"13":5,"14":5,"15":5,"16":5,"17":5,"18":5,"20":3,"21":14,"23":14,"24":6,"25":6,"26":14,"27":8,"28":8,"30":14,"31":14,"33":3,"34":8,"35":8,"36":8,"37":8,"38":1,"39":1,"41":7,"43":7,"44":5,"45":5,"46":8,"47":2,"48":2,"50":8,"51":0,"52":0,"54":7,"55":8,"57":3,"58":5,"60":5,"61":3,"62":3,"63":5,"64":2,"65":2,"67":5,"68":0,"69":0,"71":5,"72":5,"73":3},"branchMap":{"0":{"type":"branch","line":8,"loc":{"start":{"line":8,"column":15},"end":{"line":74,"column":2}},"locations":[{"start":{"line":8,"column":15},"end":{"line":74,"column":2}}]},"1":{"type":"branch","line":9,"loc":{"start":{"line":9,"column":2},"end":{"line":11,"column":4}},"locations":[{"start":{"line":9,"column":2},"end":{"line":11,"column":4}}]},"2":{"type":"branch","line":13,"loc":{"start":{"line":13,"column":2},"end":{"line":19,"column":4}},"locations":[{"start":{"line":13,"column":2},"end":{"line":19,"column":4}}]},"3":{"type":"branch","line":21,"loc":{"start":{"line":21,"column":2},"end":{"line":32,"column":4}},"locations":[{"start":{"line":21,"column":2},"end":{"line":32,"column":4}}]},"4":{"type":"branch","line":24,"loc":{"start":{"line":24,"column":33},"end":{"line":26,"column":5}},"locations":[{"start":{"line":24,"column":33},"end":{"line":26,"column":5}}]},"5":{"type":"branch","line":27,"loc":{"start":{"line":27,"column":41},"end":{"line":29,"column":5}},"locations":[{"start":{"line":27,"column":41},"end":{"line":29,"column":5}}]},"6":{"type":"branch","line":34,"loc":{"start":{"line":34,"column":2},"end":{"line":56,"column":4}},"locations":[{"start":{"line":34,"column":2},"end":{"line":56,"column":4}}]},"7":{"type":"branch","line":38,"loc":{"start":{"line":38,"column":43},"end":{"line":40,"column":5}},"locations":[{"start":{"line":38,"column":43},"end":{"line":40,"column":5}}]},"8":{"type":"branch","line":40,"loc":{"start":{"line":40,"column":4},"end":{"line":47,"column":41}},"locations":[{"start":{"line":40,"column":4},"end":{"line":47,"column":41}}]},"9":{"type":"branch","line":44,"loc":{"start":{"line":44,"column":33},"end":{"line":46,"column":5}},"locations":[{"start":{"line":44,"column":33},"end":{"line":46,"column":5}}]},"10":{"type":"branch","line":47,"loc":{"start":{"line":47,"column":41},"end":{"line":49,"column":5}},"locations":[{"start":{"line":47,"column":41},"end":{"line":49,"column":5}}]},"11":{"type":"branch","line":49,"loc":{"start":{"line":49,"column":4},"end":{"line":51,"column":22}},"locations":[{"start":{"line":49,"column":4},"end":{"line":51,"column":22}}]},"12":{"type":"branch","line":51,"loc":{"start":{"line":51,"column":16},"end":{"line":51,"column":42}},"locations":[{"start":{"line":51,"column":16},"end":{"line":51,"column":42}}]},"13":{"type":"branch","line":51,"loc":{"start":{"line":51,"column":42},"end":{"line":53,"column":5}},"locations":[{"start":{"line":51,"column":42},"end":{"line":53,"column":5}}]},"14":{"type":"branch","line":53,"loc":{"start":{"line":53,"column":4},"end":{"line":55,"column":35}},"locations":[{"start":{"line":53,"column":4},"end":{"line":55,"column":35}}]},"15":{"type":"branch","line":58,"loc":{"start":{"line":58,"column":2},"end":{"line":73,"column":4}},"locations":[{"start":{"line":58,"column":2},"end":{"line":73,"column":4}}]},"16":{"type":"branch","line":61,"loc":{"start":{"line":61,"column":33},"end":{"line":63,"column":5}},"locations":[{"start":{"line":61,"column":33},"end":{"line":63,"column":5}}]},"17":{"type":"branch","line":64,"loc":{"start":{"line":64,"column":41},"end":{"line":66,"column":5}},"locations":[{"start":{"line":64,"column":41},"end":{"line":66,"column":5}}]},"18":{"type":"branch","line":68,"loc":{"start":{"line":68,"column":16},"end":{"line":68,"column":42}},"locations":[{"start":{"line":68,"column":16},"end":{"line":68,"column":42}}]},"19":{"type":"branch","line":68,"loc":{"start":{"line":68,"column":42},"end":{"line":70,"column":5}},"locations":[{"start":{"line":68,"column":42},"end":{"line":70,"column":5}}]}},"b":{"0":[3],"1":[3],"2":[5],"3":[14],"4":[6],"5":[8],"6":[8],"7":[1],"8":[7],"9":[5],"10":[2],"11":[7],"12":[2],"13":[0],"14":[7],"15":[5],"16":[3],"17":[2],"18":[2],"19":[0]},"fnMap":{"0":{"name":"__vite_ssr_exports__.default","decl":{"start":{"line":8,"column":15},"end":{"line":74,"column":2}},"loc":{"start":{"line":8,"column":15},"end":{"line":74,"column":2}},"line":8},"1":{"name":"findAll","decl":{"start":{"line":9,"column":2},"end":{"line":11,"column":4}},"loc":{"start":{"line":9,"column":2},"end":{"line":11,"column":4}},"line":9},"2":{"name":"create","decl":{"start":{"line":13,"column":2},"end":{"line":19,"column":4}},"loc":{"start":{"line":13,"column":2},"end":{"line":19,"column":4}},"line":13},"3":{"name":"findByIdOrSprintCode","decl":{"start":{"line":21,"column":2},"end":{"line":32,"column":4}},"loc":{"start":{"line":21,"column":2},"end":{"line":32,"column":4}},"line":21},"4":{"name":"updateByIdOrSprintCode","decl":{"start":{"line":34,"column":2},"end":{"line":56,"column":4}},"loc":{"start":{"line":34,"column":2},"end":{"line":56,"column":4}},"line":34},"5":{"name":"removeByIdOrSprintCode","decl":{"start":{"line":58,"column":2},"end":{"line":73,"column":4}},"loc":{"start":{"line":58,"column":2},"end":{"line":73,"column":4}},"line":58}},"f":{"0":3,"1":3,"2":5,"3":14,"4":8,"5":5}}
,"/root/turing/3-module/3.3 sprint/discord-bot/src/modules/sprints/schema.ts": {"path":"/root/turing/3-module/3.3 sprint/discord-bot/src/modules/sprints/schema.ts","all":false,"statementMap":{"0":{"start":{"line":1,"column":0},"end":{"line":1,"column":35}},"5":{"start":{"line":6,"column":0},"end":{"line":6,"column":25}},"6":{"start":{"line":7,"column":0},"end":{"line":7,"column":41}},"7":{"start":{"line":8,"column":0},"end":{"line":8,"column":32}},"8":{"start":{"line":9,"column":0},"end":{"line":9,"column":27}},"9":{"start":{"line":10,"column":0},"end":{"line":10,"column":2}},"11":{"start":{"line":12,"column":0},"end":{"line":12,"column":44}},"12":{"start":{"line":13,"column":0},"end":{"line":13,"column":38}},"14":{"start":{"line":15,"column":0},"end":{"line":15,"column":65}},"15":{"start":{"line":16,"column":0},"end":{"line":16,"column":62}},"16":{"start":{"line":17,"column":0},"end":{"line":17,"column":55}},"17":{"start":{"line":18,"column":0},"end":{"line":18,"column":43}},"18":{"start":{"line":19,"column":0},"end":{"line":19,"column":76}},"19":{"start":{"line":20,"column":0},"end":{"line":20,"column":74}},"21":{"start":{"line":22,"column":0},"end":{"line":22,"column":50}},"22":{"start":{"line":23,"column":0},"end":{"line":23,"column":14}},"23":{"start":{"line":24,"column":0},"end":{"line":24,"column":37}}},"s":{"0":1,"5":1,"6":1,"7":1,"8":1,"9":1,"11":1,"12":1,"14":1,"15":1,"16":1,"17":10,"18":1,"19":1,"21":1,"22":1,"23":1},"branchMap":{"0":{"type":"branch","line":15,"loc":{"start":{"line":15,"column":23},"end":{"line":15,"column":65}},"locations":[{"start":{"line":15,"column":23},"end":{"line":15,"column":65}}]},"1":{"type":"branch","line":17,"loc":{"start":{"line":17,"column":31},"end":{"line":18,"column":43}},"locations":[{"start":{"line":17,"column":31},"end":{"line":18,"column":43}}]},"2":{"type":"branch","line":19,"loc":{"start":{"line":19,"column":31},"end":{"line":19,"column":76}},"locations":[{"start":{"line":19,"column":31},"end":{"line":19,"column":76}}]},"3":{"type":"branch","line":20,"loc":{"start":{"line":20,"column":30},"end":{"line":20,"column":74}},"locations":[{"start":{"line":20,"column":30},"end":{"line":20,"column":74}}]}},"b":{"0":[8],"1":[10],"2":[3],"3":[5]},"fnMap":{"0":{"name":"parseId","decl":{"start":{"line":15,"column":23},"end":{"line":15,"column":65}},"loc":{"start":{"line":15,"column":23},"end":{"line":15,"column":65}},"line":15},"1":{"name":"parse","decl":{"start":{"line":16,"column":21},"end":{"line":16,"column":62}},"loc":{"start":{"line":16,"column":21},"end":{"line":16,"column":62}},"line":16},"2":{"name":"parseSprintCode","decl":{"start":{"line":17,"column":31},"end":{"line":18,"column":43}},"loc":{"start":{"line":17,"column":31},"end":{"line":18,"column":43}},"line":17},"3":{"name":"parseInsertable","decl":{"start":{"line":19,"column":31},"end":{"line":19,"column":76}},"loc":{"start":{"line":19,"column":31},"end":{"line":19,"column":76}},"line":19},"4":{"name":"parseUpdatable","decl":{"start":{"line":20,"column":30},"end":{"line":20,"column":74}},"loc":{"start":{"line":20,"column":30},"end":{"line":20,"column":74}},"line":20}},"f":{"0":8,"1":0,"2":10,"3":3,"4":5}}
,"/root/turing/3-module/3.3 sprint/discord-bot/src/modules/sprints/handlers/idHandlers.ts": {"path":"/root/turing/3-module/3.3 sprint/discord-bot/src/modules/sprints/handlers/idHandlers.ts","all":false,"statementMap":{"0":{"start":{"line":1,"column":0},"end":{"line":1,"column":35}},"6":{"start":{"line":7,"column":0},"end":{"line":7,"column":68}},"7":{"start":{"line":8,"column":0},"end":{"line":8,"column":42}},"8":{"start":{"line":9,"column":0},"end":{"line":9,"column":44}},"9":{"start":{"line":10,"column":0},"end":{"line":10,"column":61}},"11":{"start":{"line":12,"column":0},"end":{"line":12,"column":18}},"12":{"start":{"line":13,"column":0},"end":{"line":13,"column":32}},"13":{"start":{"line":14,"column":0},"end":{"line":14,"column":5}},"15":{"start":{"line":16,"column":0},"end":{"line":16,"column":17}},"16":{"start":{"line":17,"column":0},"end":{"line":17,"column":5}},"18":{"start":{"line":19,"column":0},"end":{"line":19,"column":44}},"19":{"start":{"line":20,"column":0},"end":{"line":20,"column":44}},"20":{"start":{"line":21,"column":0},"end":{"line":21,"column":53}},"21":{"start":{"line":22,"column":0},"end":{"line":22,"column":74}},"23":{"start":{"line":24,"column":0},"end":{"line":24,"column":18}},"24":{"start":{"line":25,"column":0},"end":{"line":25,"column":32}},"25":{"start":{"line":26,"column":0},"end":{"line":26,"column":5}},"27":{"start":{"line":28,"column":0},"end":{"line":28,"column":17}},"28":{"start":{"line":29,"column":0},"end":{"line":29,"column":5}},"30":{"start":{"line":31,"column":0},"end":{"line":31,"column":45}},"31":{"start":{"line":32,"column":0},"end":{"line":32,"column":44}},"32":{"start":{"line":33,"column":0},"end":{"line":33,"column":63}},"34":{"start":{"line":35,"column":0},"end":{"line":35,"column":18}},"35":{"start":{"line":36,"column":0},"end":{"line":36,"column":32}},"36":{"start":{"line":37,"column":0},"end":{"line":37,"column":5}},"38":{"start":{"line":39,"column":0},"end":{"line":39,"column":17}},"39":{"start":{"line":40,"column":0},"end":{"line":40,"column":5}},"40":{"start":{"line":41,"column":0},"end":{"line":41,"column":2}}},"s":{"0":1,"6":1,"7":2,"8":4,"9":4,"11":4,"12":2,"13":2,"15":2,"16":2,"18":2,"19":3,"20":3,"21":3,"23":3,"24":1,"25":1,"27":2,"28":2,"30":2,"31":1,"32":1,"34":1,"35":0,"36":0,"38":1,"39":2,"40":2},"branchMap":{"0":{"type":"branch","line":7,"loc":{"start":{"line":7,"column":35},"end":{"line":41,"column":2}},"locations":[{"start":{"line":7,"column":35},"end":{"line":41,"column":2}}]},"1":{"type":"branch","line":8,"loc":{"start":{"line":8,"column":17},"end":{"line":17,"column":3}},"locations":[{"start":{"line":8,"column":17},"end":{"line":17,"column":3}}]},"2":{"type":"branch","line":12,"loc":{"start":{"line":12,"column":17},"end":{"line":16,"column":17}},"locations":[{"start":{"line":12,"column":17},"end":{"line":16,"column":17}}]},"3":{"type":"branch","line":19,"loc":{"start":{"line":19,"column":19},"end":{"line":29,"column":3}},"locations":[{"start":{"line":19,"column":19},"end":{"line":29,"column":3}}]},"4":{"type":"branch","line":24,"loc":{"start":{"line":24,"column":17},"end":{"line":26,"column":5}},"locations":[{"start":{"line":24,"column":17},"end":{"line":26,"column":5}}]},"5":{"type":"branch","line":26,"loc":{"start":{"line":26,"column":4},"end":{"line":28,"column":17}},"locations":[{"start":{"line":26,"column":4},"end":{"line":28,"column":17}}]},"6":{"type":"branch","line":31,"loc":{"start":{"line":31,"column":20},"end":{"line":40,"column":3}},"locations":[{"start":{"line":31,"column":20},"end":{"line":40,"column":3}}]},"7":{"type":"branch","line":35,"loc":{"start":{"line":35,"column":17},"end":{"line":37,"column":5}},"locations":[{"start":{"line":35,"column":17},"end":{"line":37,"column":5}}]}},"b":{"0":[2],"1":[4],"2":[2],"3":[3],"4":[1],"5":[2],"6":[1],"7":[0]},"fnMap":{"0":{"name":"getSprintIdHandlers","decl":{"start":{"line":7,"column":35},"end":{"line":41,"column":2}},"loc":{"start":{"line":7,"column":35},"end":{"line":41,"column":2}},"line":7}},"f":{"0":2}}
,"/root/turing/3-module/3.3 sprint/discord-bot/src/modules/sprints/handlers/sprintcodeHandlers.ts": {"path":"/root/turing/3-module/3.3 sprint/discord-bot/src/modules/sprints/handlers/sprintcodeHandlers.ts","all":false,"statementMap":{"0":{"start":{"line":1,"column":0},"end":{"line":1,"column":35}},"6":{"start":{"line":7,"column":0},"end":{"line":7,"column":70}},"7":{"start":{"line":8,"column":0},"end":{"line":8,"column":42}},"8":{"start":{"line":9,"column":0},"end":{"line":9,"column":68}},"9":{"start":{"line":10,"column":0},"end":{"line":10,"column":69}},"11":{"start":{"line":12,"column":0},"end":{"line":12,"column":18}},"12":{"start":{"line":13,"column":0},"end":{"line":13,"column":32}},"13":{"start":{"line":14,"column":0},"end":{"line":14,"column":5}},"15":{"start":{"line":16,"column":0},"end":{"line":16,"column":17}},"16":{"start":{"line":17,"column":0},"end":{"line":17,"column":5}},"18":{"start":{"line":19,"column":0},"end":{"line":19,"column":44}},"19":{"start":{"line":20,"column":0},"end":{"line":20,"column":68}},"20":{"start":{"line":21,"column":0},"end":{"line":21,"column":77}},"22":{"start":{"line":23,"column":0},"end":{"line":23,"column":26}},"23":{"start":{"line":24,"column":0},"end":{"line":24,"column":32}},"24":{"start":{"line":25,"column":0},"end":{"line":25,"column":5}},"25":{"start":{"line":26,"column":0},"end":{"line":26,"column":35}},"26":{"start":{"line":27,"column":0},"end":{"line":27,"column":34}},"27":{"start":{"line":28,"column":0},"end":{"line":28,"column":5}},"28":{"start":{"line":29,"column":0},"end":{"line":29,"column":53}},"29":{"start":{"line":30,"column":0},"end":{"line":30,"column":56}},"30":{"start":{"line":31,"column":0},"end":{"line":31,"column":21}},"31":{"start":{"line":32,"column":0},"end":{"line":32,"column":15}},"32":{"start":{"line":33,"column":0},"end":{"line":33,"column":5}},"34":{"start":{"line":35,"column":0},"end":{"line":35,"column":18}},"35":{"start":{"line":36,"column":0},"end":{"line":36,"column":32}},"36":{"start":{"line":37,"column":0},"end":{"line":37,"column":5}},"38":{"start":{"line":39,"column":0},"end":{"line":39,"column":17}},"39":{"start":{"line":40,"column":0},"end":{"line":40,"column":5}},"40":{"start":{"line":41,"column":0},"end":{"line":41,"column":45}},"41":{"start":{"line":42,"column":0},"end":{"line":42,"column":68}},"42":{"start":{"line":43,"column":0},"end":{"line":43,"column":71}},"44":{"start":{"line":45,"column":0},"end":{"line":45,"column":18}},"45":{"start":{"line":46,"column":0},"end":{"line":46,"column":32}},"46":{"start":{"line":47,"column":0},"end":{"line":47,"column":5}},"48":{"start":{"line":49,"column":0},"end":{"line":49,"column":17}},"49":{"start":{"line":50,"column":0},"end":{"line":50,"column":5}},"50":{"start":{"line":51,"column":0},"end":{"line":51,"column":2}}},"s":{"0":1,"6":1,"7":2,"8":4,"9":4,"11":4,"12":2,"13":2,"15":2,"16":2,"18":2,"19":4,"20":4,"22":4,"23":1,"24":1,"25":4,"26":1,"27":1,"28":2,"29":2,"30":2,"31":2,"32":2,"34":4,"35":0,"36":0,"38":2,"39":2,"40":2,"41":2,"42":2,"44":2,"45":1,"46":1,"48":1,"49":2,"50":2},"branchMap":{"0":{"type":"branch","line":7,"loc":{"start":{"line":7,"column":37},"end":{"line":51,"column":2}},"locations":[{"start":{"line":7,"column":37},"end":{"line":51,"column":2}}]},"1":{"type":"branch","line":8,"loc":{"start":{"line":8,"column":17},"end":{"line":17,"column":3}},"locations":[{"start":{"line":8,"column":17},"end":{"line":17,"column":3}}]},"2":{"type":"branch","line":12,"loc":{"start":{"line":12,"column":17},"end":{"line":16,"column":17}},"locations":[{"start":{"line":12,"column":17},"end":{"line":16,"column":17}}]},"3":{"type":"branch","line":19,"loc":{"start":{"line":19,"column":19},"end":{"line":40,"column":3}},"locations":[{"start":{"line":19,"column":19},"end":{"line":40,"column":3}}]},"4":{"type":"branch","line":23,"loc":{"start":{"line":23,"column":25},"end":{"line":25,"column":5}},"locations":[{"start":{"line":23,"column":25},"end":{"line":25,"column":5}}]},"5":{"type":"branch","line":25,"loc":{"start":{"line":25,"column":4},"end":{"line":26,"column":34}},"locations":[{"start":{"line":25,"column":4},"end":{"line":26,"column":34}}]},"6":{"type":"branch","line":26,"loc":{"start":{"line":26,"column":34},"end":{"line":28,"column":5}},"locations":[{"start":{"line":26,"column":34},"end":{"line":28,"column":5}}]},"7":{"type":"branch","line":28,"loc":{"start":{"line":28,"column":4},"end":{"line":35,"column":17}},"locations":[{"start":{"line":28,"column":4},"end":{"line":35,"column":17}}]},"8":{"type":"branch","line":35,"loc":{"start":{"line":35,"column":17},"end":{"line":37,"column":5}},"locations":[{"start":{"line":35,"column":17},"end":{"line":37,"column":5}}]},"9":{"type":"branch","line":37,"loc":{"start":{"line":37,"column":4},"end":{"line":39,"column":17}},"locations":[{"start":{"line":37,"column":4},"end":{"line":39,"column":17}}]},"10":{"type":"branch","line":41,"loc":{"start":{"line":41,"column":20},"end":{"line":50,"column":3}},"locations":[{"start":{"line":41,"column":20},"end":{"line":50,"column":3}}]},"11":{"type":"branch","line":45,"loc":{"start":{"line":45,"column":17},"end":{"line":49,"column":17}},"locations":[{"start":{"line":45,"column":17},"end":{"line":49,"column":17}}]}},"b":{"0":[2],"1":[4],"2":[2],"3":[4],"4":[1],"5":[3],"6":[1],"7":[2],"8":[0],"9":[2],"10":[2],"11":[1]},"fnMap":{"0":{"name":"getSprintCodeHandlers","decl":{"start":{"line":7,"column":37},"end":{"line":51,"column":2}},"loc":{"start":{"line":7,"column":37},"end":{"line":51,"column":2}},"line":7}},"f":{"0":2}}
[...]
":38},"end":{"line":44,"column":3}}]},"7":{"type":"branch","line":47,"loc":{"start":{"line":47,"column":16},"end":{"line":67,"column":2}},"locations":[{"start":{"line":47,"column":16},"end":{"line":67,"column":2}}]},"8":{"type":"branch","line":48,"loc":{"start":{"line":48,"column":63},"end":{"line":52,"column":3}},"locations":[{"start":{"line":48,"column":63},"end":{"line":52,"column":3}}]},"9":{"type":"branch","line":54,"loc":{"start":{"line":54,"column":49},"end":{"line":66,"column":3}},"locations":[{"start":{"line":54,"column":49},"end":{"line":66,"column":3}}]},"10":{"type":"branch","line":69,"loc":{"start":{"line":69,"column":18},"end":{"line":73,"column":2}},"locations":[{"start":{"line":69,"column":18},"end":{"line":73,"column":2}}]},"11":{"type":"branch","line":70,"loc":{"start":{"line":70,"column":36},"end":{"line":72,"column":3}},"locations":[{"start":{"line":70,"column":36},"end":{"line":72,"column":3}}]},"12":{"type":"branch","line":74,"loc":{"start":{"line":74,"column":19},"end":{"line":78,"column":2}},"locations":[{"start":{"line":74,"column":19},"end":{"line":78,"column":2}}]},"13":{"type":"branch","line":75,"loc":{"start":{"line":75,"column":36},"end":{"line":77,"column":3}},"locations":[{"start":{"line":75,"column":36},"end":{"line":77,"column":3}}]},"14":{"type":"branch","line":80,"loc":{"start":{"line":80,"column":21},"end":{"line":96,"column":2}},"locations":[{"start":{"line":80,"column":21},"end":{"line":96,"column":2}}]},"15":{"type":"branch","line":81,"loc":{"start":{"line":81,"column":51},"end":{"line":85,"column":3}},"locations":[{"start":{"line":81,"column":51},"end":{"line":85,"column":3}}]},"16":{"type":"branch","line":87,"loc":{"start":{"line":87,"column":44},"end":{"line":95,"column":3}},"locations":[{"start":{"line":87,"column":44},"end":{"line":95,"column":3}}]},"17":{"type":"branch","line":98,"loc":{"start":{"line":98,"column":22},"end":{"line":102,"column":2}},"locations":[{"start":{"line":98,"column":22},"end":{"line":102,"column":2}}]},"18":{"type":"branch","line":99,"loc":{"start":{"line":99,"column":46},"end":{"line":101,"column":3}},"locations":[{"start":{"line":99,"column":46},"end":{"line":101,"column":3}}]},"19":{"type":"branch","line":104,"loc":{"start":{"line":104,"column":23},"end":{"line":150,"column":2}},"locations":[{"start":{"line":104,"column":23},"end":{"line":150,"column":2}}]},"20":{"type":"branch","line":105,"loc":{"start":{"line":105,"column":51},"end":{"line":112,"column":3}},"locations":[{"start":{"line":105,"column":51},"end":{"line":112,"column":3}}]},"21":{"type":"branch","line":114,"loc":{"start":{"line":114,"column":31},"end":{"line":129,"column":3}},"locations":[{"start":{"line":114,"column":31},"end":{"line":129,"column":3}}]},"22":{"type":"branch","line":131,"loc":{"start":{"line":131,"column":25},"end":{"line":149,"column":3}},"locations":[{"start":{"line":131,"column":25},"end":{"line":149,"column":3}}]},"23":{"type":"branch","line":152,"loc":{"start":{"line":152,"column":24},"end":{"line":168,"column":2}},"locations":[{"start":{"line":152,"column":24},"end":{"line":168,"column":2}}]},"24":{"type":"branch","line":153,"loc":{"start":{"line":153,"column":37},"end":{"line":161,"column":3}},"locations":[{"start":{"line":153,"column":37},"end":{"line":161,"column":3}}]},"25":{"type":"branch","line":163,"loc":{"start":{"line":163,"column":51},"end":{"line":167,"column":3}},"locations":[{"start":{"line":163,"column":51},"end":{"line":167,"column":3}}]},"26":{"type":"branch","line":170,"loc":{"start":{"line":170,"column":29},"end":{"line":185,"column":2}},"locations":[{"start":{"line":170,"column":29},"end":{"line":185,"column":2}}]},"27":{"type":"branch","line":171,"loc":{"start":{"line":171,"column":51},"end":{"line":174,"column":3}},"locations":[{"start":{"line":171,"column":51},"end":{"line":174,"column":3}}]},"28":{"type":"branch","line":176,"loc":{"start":{"line":176,"column":44},"end":{"line":184,"column":3}},"locations":[{"start":{"line":176,"column":44},"end":{"line":184,"column":3}}]},"29":{"type":"branch","line":187,"loc":{"start":{"line":187,"column":30},"end":{"line":191,"column":2}},"locations":[{"start":{"line":187,"column":30},"end":{"line":191,"column":2}}]},"30":{"type":"branch","line":188,"loc":{"start":{"line":188,"column":54},"end":{"line":190,"column":3}},"locations":[{"start":{"line":188,"column":54},"end":{"line":190,"column":3}}]},"31":{"type":"branch","line":193,"loc":{"start":{"line":193,"column":31},"end":{"line":249,"column":2}},"locations":[{"start":{"line":193,"column":31},"end":{"line":249,"column":2}}]},"32":{"type":"branch","line":194,"loc":{"start":{"line":194,"column":51},"end":{"line":201,"column":3}},"locations":[{"start":{"line":194,"column":51},"end":{"line":201,"column":3}}]},"33":{"type":"branch","line":203,"loc":{"start":{"line":203,"column":31},"end":{"line":217,"column":3}},"locations":[{"start":{"line":203,"column":31},"end":{"line":217,"column":3}}]},"34":{"type":"branch","line":219,"loc":{"start":{"line":219,"column":25},"end":{"line":237,"column":3}},"locations":[{"start":{"line":219,"column":25},"end":{"line":237,"column":3}}]},"35":{"type":"branch","line":239,"loc":{"start":{"line":239,"column":53},"end":{"line":248,"column":3}},"locations":[{"start":{"line":239,"column":53},"end":{"line":248,"column":3}}]},"36":{"type":"branch","line":251,"loc":{"start":{"line":251,"column":32},"end":{"line":271,"column":2}},"locations":[{"start":{"line":251,"column":32},"end":{"line":271,"column":2}}]},"37":{"type":"branch","line":252,"loc":{"start":{"line":252,"column":54},"end":{"line":262,"column":3}},"locations":[{"start":{"line":252,"column":54},"end":{"line":262,"column":3}}]},"38":{"type":"branch","line":264,"loc":{"start":{"line":264,"column":51},"end":{"line":270,"column":3}},"locations":[{"start":{"line":264,"column":51},"end":{"line":270,"column":3}}]}},"b":{"0":[1],"1":[24],"2":[1],"3":[1],"4":[1],"5":[1],"6":[1],"7":[1],"8":[1],"9":[1],"10":[1],"11":[1],"12":[1],"13":[1],"14":[1],"15":[1],"16":[1],"17":[1],"18":[1],"19":[1],"20":[1],"21":[1],"22":[1],"23":[1],"24":[1],"25":[1],"26":[1],"27":[1],"28":[1],"29":[1],"30":[1],"31":[1],"32":[1],"33":[1],"34":[1],"35":[1],"36":[1],"37":[1],"38":[1]},"fnMap":{},"f":{}}
,"/root/turing/3-module/3.3 sprint/discord-bot/src/modules/sprints/tests/utils.ts": {"path":"/root/turing/3-module/3.3 sprint/discord-bot/src/modules/sprints/tests/utils.ts","all":false,"statementMap":{"3":{"start":{"line":4,"column":0},"end":{"line":4,"column":27}},"4":{"start":{"line":5,"column":0},"end":{"line":5,"column":45}},"5":{"start":{"line":6,"column":0},"end":{"line":6,"column":27}},"6":{"start":{"line":7,"column":0},"end":{"line":7,"column":23}},"7":{"start":{"line":8,"column":0},"end":{"line":8,"column":36}},"8":{"start":{"line":9,"column":0},"end":{"line":9,"column":15}},"9":{"start":{"line":10,"column":0},"end":{"line":10,"column":2}},"11":{"start":{"line":12,"column":0},"end":{"line":12,"column":31}},"12":{"start":{"line":13,"column":0},"end":{"line":13,"column":45}},"13":{"start":{"line":14,"column":0},"end":{"line":14,"column":7}},"14":{"start":{"line":15,"column":0},"end":{"line":15,"column":8}},"15":{"start":{"line":16,"column":0},"end":{"line":16,"column":27}},"16":{"start":{"line":17,"column":0},"end":{"line":17,"column":2}},"18":{"start":{"line":19,"column":0},"end":{"line":19,"column":80}},"19":{"start":{"line":20,"column":0},"end":{"line":20,"column":25}},"20":{"start":{"line":21,"column":0},"end":{"line":21,"column":15}},"21":{"start":{"line":22,"column":0},"end":{"line":22,"column":27}},"22":{"start":{"line":23,"column":0},"end":{"line":23,"column":2}}},"s":{"3":1,"4":44,"5":44,"6":44,"7":44,"8":44,"9":44,"11":1,"12":0,"13":0,"14":0,"15":0,"16":0,"18":1,"19":18,"20":18,"21":18,"22":18},"branchMap":{"0":{"type":"branch","line":4,"loc":{"start":{"line":4,"column":26},"end":{"line":10,"column":2}},"locations":[{"start":{"line":4,"column":26},"end":{"line":10,"column":2}}]},"1":{"type":"branch","line":19,"loc":{"start":{"line":19,"column":29},"end":{"line":23,"column":2}},"locations":[{"start":{"line":19,"column":29},"end":{"line":23,"column":2}}]}},"b":{"0":[44],"1":[18]},"fnMap":{"0":{"name":"fakeSprint","decl":{"start":{"line":4,"column":26},"end":{"line":10,"column":2}},"loc":{"start":{"line":4,"column":26},"end":{"line":10,"column":2}},"line":4},"1":{"name":"fakeSprintFull","decl":{"start":{"line":12,"column":30},"end":{"line":17,"column":2}},"loc":{"start":{"line":12,"column":30},"end":{"line":17,"column":2}},"line":12},"2":{"name":"sprintMatcher","decl":{"start":{"line":19,"column":29},"end":{"line":23,"column":2}},"loc":{"start":{"line":19,"column":29},"end":{"line":23,"column":2}},"line":19}},"f":{"0":44,"1":0,"2":18}}
,"/root/turing/3-module/3.3 sprint/discord-bot/src/utils/errors/BadRequest.ts": {"path":"/root/turing/3-module/3.3 sprint/discord-bot/src/utils/errors/BadRequest.ts","all":false,"statementMap":{"0":{"start":{"line":1,"column":0},"end":{"line":1,"column":47}},"2":{"start":{"line":3,"column":0},"end":{"line":3,"column":47}},"3":{"start":{"line":4,"column":0},"end":{"line":4,"column":16}},"5":{"start":{"line":6,"column":0},"end":{"line":6,"column":32}},"6":{"start":{"line":7,"column":0},"end":{"line":7,"column":18}},"7":{"start":{"line":8,"column":0},"end":{"line":8,"column":41}},"8":{"start":{"line":9,"column":0},"end":{"line":9,"column":3}},"9":{"start":{"line":10,"column":0},"end":{"line":10,"column":1}}},"s":{"0":1,"2":1,"3":1,"5":1,"6":1,"7":1,"8":1,"9":1},"branchMap":{"0":{"type":"branch","line":3,"loc":{"start":{"line":3,"column":46},"end":{"line":10,"column":1}},"locations":[{"start":{"line":3,"column":46},"end":{"line":10,"column":1}}]},"1":{"type":"branch","line":6,"loc":{"start":{"line":6,"column":2},"end":{"line":9,"column":3}},"locations":[{"start":{"line":6,"column":2},"end":{"line":9,"column":3}}]}},"b":{"0":[1],"1":[1]},"fnMap":{"0":{"name":"<instance_members_initializer>","decl":{"start":{"line":3,"column":46},"end":{"line":10,"column":1}},"loc":{"start":{"line":3,"column":46},"end":{"line":10,"column":1}},"line":3},"1":{"name":"BadRequest","decl":{"start":{"line":6,"column":2},"end":{"line":9,"column":3}},"loc":{"start":{"line":6,"column":2},"end":{"line":9,"column":3}},"line":6}},"f":{"0":1,"1":1}}
,"/root/turing/3-module/3.3 sprint/discord-bot/src/utils/errors/MethodNowAllowed.ts": {"path":"/root/turing/3-module/3.3 sprint/discord-bot/src/utils/errors/MethodNowAllowed.ts","all":false,"statementMap":{"0":{"start":{"line":1,"column":0},"end":{"line":1,"column":47}},"2":{"start":{"line":3,"column":0},"end":{"line":3,"column":53}},"3":{"start":{"line":4,"column":0},"end":{"line":4,"column":16}},"5":{"start":{"line":6,"column":0},"end":{"line":6,"column":55}},"6":{"start":{"line":7,"column":0},"end":{"line":7,"column":18}},"7":{"start":{"line":8,"column":0},"end":{"line":8,"column":48}},"8":{"start":{"line":9,"column":0},"end":{"line":9,"column":3}},"9":{"start":{"line":10,"column":0},"end":{"line":10,"column":1}}},"s":{"0":1,"2":1,"3":4,"5":4,"6":4,"7":4,"8":4,"9":4},"branchMap":{"0":{"type":"branch","line":3,"loc":{"start":{"line":3,"column":52},"end":{"line":10,"column":1}},"locations":[{"start":{"line":3,"column":52},"end":{"line":10,"column":1}}]},"1":{"type":"branch","line":6,"loc":{"start":{"line":6,"column":2},"end":{"line":9,"column":3}},"locations":[{"start":{"line":6,"column":2},"end":{"line":9,"column":3}}]}},"b":{"0":[4],"1":[4]},"fnMap":{"0":{"name":"<instance_members_initializer>","decl":{"start":{"line":3,"column":52},"end":{"line":10,"column":1}},"loc":{"start":{"line":3,"column":52},"end":{"line":10,"column":1}},"line":3},"1":{"name":"MethodNotAllowed","decl":{"start":{"line":6,"column":2},"end":{"line":9,"column":3}},"loc":{"start":{"line":6,"column":2},"end":{"line":9,"column":3}},"line":6}},"f":{"0":4,"1":4}}
,"/root/turing/3-module/3.3 sprint/discord-bot/src/utils/errors/NotFound.ts": {"path":"/root/turing/3-module/3.3 sprint/discord-bot/src/utils/errors/NotFound.ts","all":false,"statementMap":{"0":{"start":{"line":1,"column":0},"end":{"line":1,"column":47}},"2":{"start":{"line":3,"column":0},"end":{"line":3,"column":45}},"3":{"start":{"line":4,"column":0},"end":{"line":4,"column":16}},"5":{"start":{"line":6,"column":0},"end":{"line":6,"column":32}},"6":{"start":{"line":7,"column":0},"end":{"line":7,"column":18}},"7":{"start":{"line":8,"column":0},"end":{"line":8,"column":39}},"8":{"start":{"line":9,"column":0},"end":{"line":9,"column":3}},"9":{"start":{"line":10,"column":0},"end":{"line":10,"column":1}}},"s":{"0":1,"2":1,"3":7,"5":7,"6":7,"7":7,"8":7,"9":7},"branchMap":{"0":{"type":"branch","line":3,"loc":{"start":{"line":3,"column":44},"end":{"line":10,"column":1}},"locations":[{"start":{"line":3,"column":44},"end":{"line":10,"column":1}}]},"1":{"type":"branch","line":6,"loc":{"start":{"line":6,"column":2},"end":{"line":9,"column":3}},"locations":[{"start":{"line":6,"column":2},"end":{"line":9,"column":3}}]}},"b":{"0":[7],"1":[7]},"fnMap":{"0":{"name":"<instance_members_initializer>","decl":{"start":{"line":3,"column":44},"end":{"line":10,"column":1}},"loc":{"start":{"line":3,"column":44},"end":{"line":10,"column":1}},"line":3},"1":{"name":"NotFound","decl":{"start":{"line":6,"column":2},"end":{"line":9,"column":3}},"loc":{"start":{"line":6,"column":2},"end":{"line":9,"column":3}},"line":6}},"f":{"0":7,"1":7}}
,"/root/turing/3-module/3.3 sprint/discord-bot/tests/utils/record.ts": {"path":"/root/turing/3-module/3.3 sprint/discord-bot/tests/utils/record.ts","all":false,"statementMap":{"5":{"start":{"line":6,"column":0},"end":{"line":6,"column":27}},"6":{"start":{"line":7,"column":0},"end":{"line":7,"column":79}},"7":{"start":{"line":8,"column":0},"end":{"line":8,"column":57}},"8":{"start":{"line":9,"column":0},"end":{"line":9,"column":54}},"10":{"start":{"line":11,"column":0},"end":{"line":11,"column":21}},"11":{"start":{"line":12,"column":0},"end":{"line":12,"column":48}},"12":{"start":{"line":13,"column":0},"end":{"line":13,"column":23}},"13":{"start":{"line":14,"column":0},"end":{"line":14,"column":3}},"15":{"start":{"line":16,"column":0},"end":{"line":16,"column":24}},"16":{"start":{"line":17,"column":0},"end":{"line":17,"column":79}},"17":{"start":{"line":18,"column":0},"end":{"line":18,"column":55}},"18":{"start":{"line":19,"column":0},"end":{"line":19,"column":6}},"19":{"start":{"line":20,"column":0},"end":{"line":20,"column":28}},"20":{"start":{"line":21,"column":0},"end":{"line":21,"column":29}},"21":{"start":{"line":22,"column":0},"end":{"line":22,"column":21}},"22":{"start":{"line":23,"column":0},"end":{"line":23,"column":16}}},"s":{"5":1,"6":1,"7":3,"8":4,"10":4,"11":0,"12":4,"13":4,"15":1,"16":1,"17":2,"18":15,"19":15,"20":15,"21":15,"22":15},"branchMap":{"0":{"type":"branch","line":7,"loc":{"start":{"line":7,"column":2},"end":{"line":14,"column":3}},"locations":[{"start":{"line":7,"column":2},"end":{"line":14,"column":3}}]},"1":{"type":"branch","line":8,"loc":{"start":{"line":8,"column":2},"end":{"line":14,"column":3}},"locations":[{"start":{"line":8,"column":2},"end":{"line":14,"column":3}}]},"2":{"type":"branch","line":11,"loc":{"start":{"line":11,"column":11},"end":{"line":12,"column":48}},"locations":[{"start":{"line":11,"column":11},"end":{"line":12,"column":48}}]},"3":{"type":"branch","line":17,"loc":{"start":{"line":17,"column":2},"end":{"line":23,"column":16}},"locations":[{"start":{"line":17,"column":2},"end":{"line":23,"column":16}}]},"4":{"type":"branch","line":18,"loc":{"start":{"line":18,"column":2},"end":{"line":23,"column":16}},"locations":[{"start":{"line":18,"column":2},"end":{"line":23,"column":16}}]}},"b":{"0":[3],"1":[4],"2":[0],"3":[2],"4":[15]},"fnMap":{"0":{"name":"selectAllFor","decl":{"start":{"line":7,"column":2},"end":{"line":14,"column":3}},"loc":{"start":{"line":7,"column":2},"end":{"line":14,"column":3}},"line":7},"1":{"name":"createFor","decl":{"start":{"line":17,"column":2},"end":{"line":23,"column":16}},"loc":{"start":{"line":17,"column":2},"end":{"line":23,"column":16}},"line":17}},"f":{"0":3,"1":2}}
,"/root/turing/3-module/3.3 sprint/discord-bot/tests/utils/createTestDatabase/ModuleMigrationProvider.ts": {"path":"/root/turing/3-module/3.3 sprint/discord-bot/tests/utils/createTestDatabase/ModuleMigrationProvider.ts","all":false,"statementMap":{"0":{"start":{"line":1,"column":0},"end":{"line":1,"column":58}},"7":{"start":{"line":8,"column":0},"end":{"line":8,"column":75}},"9":{"start":{"line":10,"column":0},"end":{"line":10,"column":61}},"11":{"start":{"line":12,"column":0},"end":{"line":12,"column":67}},"16":{"start":{"line":17,"column":0},"end":{"line":17,"column":7}},"18":{"start":{"line":19,"column":0},"end":{"line":19,"column":21}},"19":{"start":{"line":20,"column":0},"end":{"line":20,"column":3}},"20":{"start":{"line":21,"column":0},"end":{"line":21,"column":1}}},"s":{"0":1,"7":1,"9":1,"11":3,"16":3,"18":3,"19":3,"20":1},"branchMap":{"0":{"type":"branch","line":10,"loc":{"start":{"line":10,"column":2},"end":{"line":20,"column":3}},"locations":[{"start":{"line":10,"column":2},"end":{"line":20,"column":3}}]}},"b":{"0":[3]},"fnMap":{"0":{"name":"getMigrations","decl":{"start":{"line":10,"column":2},"end":{"line":20,"column":3}},"loc":{"start":{"line":10,"column":2},"end":{"line":20,"column":3}},"line":10}},"f":{"0":3}}
,"/root/turing/3-module/3.3 sprint/discord-bot/tests/utils/createTestDatabase/index.ts": {"path":"/root/turing/3-module/3.3 sprint/discord-bot/tests/utils/createTestDatabase/index.ts","all":false,"statementMap":{"0":{"start":{"line":1,"column":0},"end":{"line":1,"column":63}},"1":{"start":{"line":2,"column":0},"end":{"line":2,"column":35}},"2":{"start":{"line":3,"column":0},"end":{"line":3,"column":93}},"3":{"start":{"line":4,"column":0},"end":{"line":4,"column":52}},"6":{"start":{"line":7,"column":0},"end":{"line":7,"column":32}},"8":{"start":{"line":9,"column":0},"end":{"line":9,"column":28}},"9":{"start":{"line":10,"column":0},"end":{"line":10,"column":48}},"11":{"start":{"line":12,"column":0},"end":{"line":12,"column":35}},"12":{"start":{"line":13,"column":0},"end":{"line":13,"column":72}},"13":{"start":{"line":14,"column":0},"end":{"line":14,"column":37}},"14":{"start":{"line":15,"column":0},"end":{"line":15,"column":4}},"16":{"start":{"line":17,"column":0},"end":{"line":17,"column":70}},"18":{"start":{"line":19,"column":0},"end":{"line":19,"column":9}},"19":{"start":{"line":20,"column":0},"end":{"line":20,"column":51}},"20":{"start":{"line":21,"column":0},"end":{"line":21,"column":26}},"21":{"start":{"line":22,"column":0},"end":{"line":22,"column":76}},"22":{"start":{"line":23,"column":0},"end":{"line":23,"column":6}},"24":{"start":{"line":25,"column":0},"end":{"line":25,"column":14}},"25":{"start":{"line":26,"column":0},"end":{"line":26,"column":38}},"26":{"start":{"line":27,"column":0},"end":{"line":27,"column":24}},"27":{"start":{"line":28,"column":0},"end":{"line":28,"column":3}},"29":{"start":{"line":30,"column":0},"end":{"line":30,"column":17}},"30":{"start":{"line":31,"column":0},"end":{"line":31,"column":1}}},"s":{"0":1,"1":1,"2":1,"3":1,"6":1,"8":1,"9":3,"11":3,"12":3,"13":3,"14":3,"16":3,"18":3,"19":3,"20":3,"21":0,"22":3,"24":3,"25":0,"26":0,"27":0,"29":3,"30":3},"branchMap":{"0":{"type":"branch","line":9,"loc":{"start":{"line":9,"column":15},"end":{"line":31,"column":1}},"locations":[{"start":{"line":9,"column":15},"end":{"line":31,"column":1}}]},"1":{"type":"branch","line":25,"loc":{"start":{"line":25,"column":13},"end":{"line":28,"column":3}},"locations":[{"start":{"line":25,"column":13},"end":{"line":28,"column":3}}]},"2":{"type":"branch","line":20,"loc":{"start":{"line":20,"column":13},"end":{"line":20,"column":50}},"locations":[{"start":{"line":20,"column":13},"end":{"line":20,"column":50}}]}},"b":{"0":[3],"1":[0],"2":[9]},"fnMap":{"0":{"name":"__vite_ssr_exports__.default","decl":{"start":{"line":9,"column":15},"end":{"line":31,"column":1}},"loc":{"start":{"line":9,"column":15},"end":{"line":31,"column":1}},"line":9}},"f":{"0":3}}
}
